TN:
SF:C:\Users\asif\Desktop\Trappist\trappist\Trappist\src\Promact.Trappist.Web\wwwroot\app\conduct\test-summary\test-summary.component.js
FN:2,(anonymous_1)
FN:8,(anonymous_2)
FN:22,(anonymous_3)
FN:23,TestSummaryComponent
FN:42,(anonymous_5)
FN:49,(anonymous_6)
FN:56,(anonymous_7)
FN:58,(anonymous_8)
FN:67,(anonymous_9)
FN:70,(anonymous_10)
FN:77,(anonymous_11)
FN:85,(anonymous_12)
FN:87,(anonymous_13)
FN:98,(anonymous_14)
FN:100,(anonymous_15)
FN:102,(anonymous_16)
FN:107,(anonymous_17)
FN:110,(anonymous_18)
FN:117,(anonymous_19)
FN:122,(anonymous_20)
FN:132,(anonymous_21)
FN:140,(anonymous_22)
FN:142,(anonymous_23)
FN:153,(anonymous_24)
FN:160,(anonymous_25)
FN:163,(anonymous_26)
FN:176,(anonymous_27)
FN:178,(anonymous_28)
FN:189,(anonymous_29)
FN:198,(anonymous_30)
FN:212,(anonymous_31)
FN:224,(anonymous_32)
FN:229,(anonymous_33)
FN:234,(anonymous_34)
FN:237,(anonymous_35)
FNF:35
FNH:10
FNDA:1,(anonymous_1)
FNDA:1,(anonymous_2)
FNDA:1,(anonymous_3)
FNDA:3,TestSummaryComponent
FNDA:0,(anonymous_5)
FNDA:0,(anonymous_6)
FNDA:0,(anonymous_7)
FNDA:0,(anonymous_8)
FNDA:0,(anonymous_9)
FNDA:0,(anonymous_10)
FNDA:0,(anonymous_11)
FNDA:0,(anonymous_12)
FNDA:0,(anonymous_13)
FNDA:0,(anonymous_14)
FNDA:0,(anonymous_15)
FNDA:0,(anonymous_16)
FNDA:0,(anonymous_17)
FNDA:0,(anonymous_18)
FNDA:0,(anonymous_19)
FNDA:0,(anonymous_20)
FNDA:0,(anonymous_21)
FNDA:0,(anonymous_22)
FNDA:0,(anonymous_23)
FNDA:0,(anonymous_24)
FNDA:1,(anonymous_25)
FNDA:1,(anonymous_26)
FNDA:1,(anonymous_27)
FNDA:1,(anonymous_28)
FNDA:0,(anonymous_29)
FNDA:0,(anonymous_30)
FNDA:0,(anonymous_31)
FNDA:0,(anonymous_32)
FNDA:0,(anonymous_33)
FNDA:1,(anonymous_34)
FNDA:1,(anonymous_35)
DA:2,1
DA:3,1
DA:4,1
DA:5,0
DA:6,1
DA:8,1
DA:9,1
DA:11,1
DA:12,1
DA:13,1
DA:14,1
DA:15,1
DA:16,1
DA:17,1
DA:18,1
DA:19,1
DA:20,1
DA:21,1
DA:22,1
DA:23,1
DA:24,3
DA:25,3
DA:26,3
DA:27,3
DA:28,3
DA:29,3
DA:30,3
DA:31,3
DA:32,3
DA:33,3
DA:34,3
DA:35,3
DA:36,3
DA:37,3
DA:38,3
DA:39,3
DA:40,3
DA:42,1
DA:43,0
DA:44,0
DA:45,0
DA:46,0
DA:47,0
DA:48,0
DA:49,0
DA:50,0
DA:56,1
DA:57,0
DA:58,0
DA:59,0
DA:60,0
DA:67,1
DA:68,0
DA:69,0
DA:70,0
DA:71,0
DA:72,0
DA:73,0
DA:74,0
DA:75,0
DA:76,0
DA:77,0
DA:78,0
DA:85,1
DA:86,0
DA:87,0
DA:88,0
DA:89,0
DA:90,0
DA:91,0
DA:98,1
DA:99,0
DA:100,0
DA:101,0
DA:102,0
DA:103,0
DA:104,0
DA:105,0
DA:107,0
DA:108,0
DA:109,0
DA:111,0
DA:117,1
DA:118,0
DA:120,0
DA:121,0
DA:122,0
DA:123,0
DA:125,0
DA:127,0
DA:132,1
DA:133,0
DA:134,0
DA:140,1
DA:141,0
DA:142,0
DA:143,0
DA:144,0
DA:145,0
DA:146,0
DA:147,0
DA:148,0
DA:149,0
DA:151,0
DA:152,0
DA:154,0
DA:160,1
DA:161,1
DA:162,1
DA:163,1
DA:164,1
DA:165,1
DA:168,1
DA:169,1
DA:176,1
DA:177,1
DA:178,1
DA:179,1
DA:180,1
DA:181,1
DA:189,1
DA:190,0
DA:191,0
DA:192,0
DA:193,0
DA:198,1
DA:199,0
DA:201,0
DA:202,0
DA:204,0
DA:205,0
DA:206,0
DA:212,1
DA:213,0
DA:214,0
DA:215,0
DA:216,0
DA:217,0
DA:224,1
DA:225,0
DA:227,0
DA:228,0
DA:229,0
DA:230,0
DA:231,0
DA:234,1
DA:235,1
DA:236,1
DA:237,1
DA:238,1
DA:239,1
DA:242,1
DA:244,1
DA:252,1
LF:154
LH:71
BRDA:2,1,0,1
BRDA:2,1,1,1
BRDA:2,1,2,1
BRDA:3,2,0,1
BRDA:3,2,1,0
BRDA:3,3,0,0
BRDA:3,3,1,0
BRDA:4,4,0,1
BRDA:4,4,1,0
BRDA:4,5,0,1
BRDA:4,5,1,1
BRDA:5,6,0,0
BRDA:5,6,1,0
BRDA:5,7,0,0
BRDA:5,7,1,0
BRDA:5,8,0,0
BRDA:5,8,1,0
BRDA:5,9,0,0
BRDA:5,9,1,0
BRDA:6,10,0,1
BRDA:6,10,1,0
BRDA:6,10,2,0
BRDA:8,11,0,1
BRDA:8,11,1,1
BRDA:8,11,2,1
BRDA:9,12,0,1
BRDA:9,12,1,0
BRDA:9,13,0,1
BRDA:9,13,1,1
BRDA:74,14,0,0
BRDA:74,14,1,0
BRDA:76,15,0,0
BRDA:76,15,1,0
BRDA:104,16,0,0
BRDA:104,16,1,0
BRDA:120,17,0,0
BRDA:120,17,1,0
BRDA:145,18,0,0
BRDA:145,18,1,0
BRDA:147,19,0,0
BRDA:147,19,1,0
BRDA:152,20,0,0
BRDA:152,20,1,0
BRDA:164,21,0,1
BRDA:164,21,1,0
BRDA:179,22,0,1
BRDA:179,22,1,0
BRDA:193,23,0,0
BRDA:193,23,1,0
BRDA:193,24,0,0
BRDA:193,24,1,0
BRDA:193,25,0,0
BRDA:193,25,1,0
BRDA:201,26,0,0
BRDA:201,26,1,0
BRDA:205,27,0,0
BRDA:205,27,1,0
BRDA:214,28,0,0
BRDA:214,28,1,0
BRDA:227,29,0,0
BRDA:227,29,1,0
BRF:61
BRH:16
end_of_record
TN:
SF:C:\Users\asif\Desktop\Trappist\trappist\Trappist\src\Promact.Trappist.Web\wwwroot\app\conduct\conduct.service.js
FN:2,(anonymous_1)
FN:8,(anonymous_2)
FN:14,(anonymous_3)
FN:15,ConductService
FN:25,(anonymous_5)
FN:32,(anonymous_6)
FN:38,(anonymous_7)
FN:45,(anonymous_8)
FN:52,(anonymous_9)
FN:59,(anonymous_10)
FN:66,(anonymous_11)
FN:73,(anonymous_12)
FN:80,(anonymous_13)
FN:88,(anonymous_14)
FN:96,(anonymous_15)
FN:104,(anonymous_16)
FN:111,(anonymous_17)
FN:114,(anonymous_18)
FN:117,(anonymous_19)
FN:120,(anonymous_20)
FN:128,(anonymous_21)
FN:131,(anonymous_22)
FNF:22
FNH:4
FNDA:1,(anonymous_1)
FNDA:1,(anonymous_2)
FNDA:1,(anonymous_3)
FNDA:3,ConductService
FNDA:0,(anonymous_5)
FNDA:0,(anonymous_6)
FNDA:0,(anonymous_7)
FNDA:0,(anonymous_8)
FNDA:0,(anonymous_9)
FNDA:0,(anonymous_10)
FNDA:0,(anonymous_11)
FNDA:0,(anonymous_12)
FNDA:0,(anonymous_13)
FNDA:0,(anonymous_14)
FNDA:0,(anonymous_15)
FNDA:0,(anonymous_16)
FNDA:0,(anonymous_17)
FNDA:0,(anonymous_18)
FNDA:0,(anonymous_19)
FNDA:0,(anonymous_20)
FNDA:0,(anonymous_21)
FNDA:0,(anonymous_22)
DA:2,1
DA:3,1
DA:4,1
DA:5,0
DA:6,1
DA:8,1
DA:9,1
DA:11,1
DA:12,1
DA:13,1
DA:14,1
DA:15,1
DA:16,3
DA:17,3
DA:18,3
DA:25,1
DA:26,0
DA:32,1
DA:33,0
DA:38,1
DA:39,0
DA:45,1
DA:46,0
DA:52,1
DA:53,0
DA:59,1
DA:60,0
DA:66,1
DA:67,0
DA:73,1
DA:74,0
DA:80,1
DA:81,0
DA:88,1
DA:89,0
DA:96,1
DA:97,0
DA:104,1
DA:105,0
DA:111,1
DA:112,0
DA:114,1
DA:115,0
DA:117,1
DA:118,0
DA:120,1
DA:121,0
DA:128,1
DA:129,0
DA:131,1
DA:132,0
DA:134,1
DA:136,1
DA:140,1
LF:54
LH:35
BRDA:2,1,0,1
BRDA:2,1,1,1
BRDA:2,1,2,1
BRDA:3,2,0,1
BRDA:3,2,1,0
BRDA:3,3,0,0
BRDA:3,3,1,0
BRDA:4,4,0,1
BRDA:4,4,1,0
BRDA:4,5,0,1
BRDA:4,5,1,1
BRDA:5,6,0,0
BRDA:5,6,1,0
BRDA:5,7,0,0
BRDA:5,7,1,0
BRDA:5,8,0,0
BRDA:5,8,1,0
BRDA:5,9,0,0
BRDA:5,9,1,0
BRDA:6,10,0,1
BRDA:6,10,1,0
BRDA:6,10,2,0
BRDA:8,11,0,1
BRDA:8,11,1,1
BRDA:8,11,2,1
BRDA:9,12,0,1
BRDA:9,12,1,0
BRDA:9,13,0,1
BRDA:9,13,1,1
BRF:29
BRH:14
end_of_record
TN:
SF:C:\Users\asif\Desktop\Trappist\trappist\Trappist\src\Promact.Trappist.Web\wwwroot\app\core\http.service.js
FN:2,(anonymous_1)
FN:8,(anonymous_2)
FN:19,(anonymous_3)
FN:20,HttpService
FN:28,(anonymous_5)
FN:29,(anonymous_6)
FN:39,(anonymous_7)
FN:43,(anonymous_8)
FN:51,(anonymous_9)
FN:55,(anonymous_10)
FN:57,(anonymous_11)
FN:58,(anonymous_12)
FNF:12
FNH:4
FNDA:1,(anonymous_1)
FNDA:1,(anonymous_2)
FNDA:1,(anonymous_3)
FNDA:33,HttpService
FNDA:0,(anonymous_5)
FNDA:0,(anonymous_6)
FNDA:0,(anonymous_7)
FNDA:0,(anonymous_8)
FNDA:0,(anonymous_9)
FNDA:0,(anonymous_10)
FNDA:0,(anonymous_11)
FNDA:0,(anonymous_12)
DA:2,1
DA:3,1
DA:4,1
DA:5,0
DA:6,1
DA:8,1
DA:9,1
DA:11,1
DA:12,1
DA:13,1
DA:14,1
DA:15,1
DA:16,1
DA:17,1
DA:18,1
DA:19,1
DA:20,1
DA:21,33
DA:23,33
DA:24,33
DA:25,33
DA:26,33
DA:28,1
DA:29,0
DA:31,0
DA:32,0
DA:35,0
DA:39,1
DA:40,0
DA:41,0
DA:42,0
DA:43,0
DA:44,0
DA:45,0
DA:46,0
DA:47,0
DA:51,1
DA:52,0
DA:53,0
DA:54,0
DA:55,0
DA:57,1
DA:58,0
DA:60,1
DA:62,1
DA:66,1
LF:46
LH:28
BRDA:2,1,0,1
BRDA:2,1,1,1
BRDA:2,1,2,1
BRDA:3,2,0,1
BRDA:3,2,1,0
BRDA:3,3,0,0
BRDA:3,3,1,0
BRDA:4,4,0,1
BRDA:4,4,1,0
BRDA:4,5,0,1
BRDA:4,5,1,1
BRDA:5,6,0,0
BRDA:5,6,1,0
BRDA:5,7,0,0
BRDA:5,7,1,0
BRDA:5,8,0,0
BRDA:5,8,1,0
BRDA:5,9,0,0
BRDA:5,9,1,0
BRDA:6,10,0,1
BRDA:6,10,1,0
BRDA:6,10,2,0
BRDA:8,11,0,1
BRDA:8,11,1,1
BRDA:8,11,2,1
BRDA:9,12,0,1
BRDA:9,12,1,0
BRDA:9,13,0,1
BRDA:9,13,1,1
BRDA:31,14,0,0
BRDA:31,14,1,0
BRDA:44,15,0,0
BRDA:44,15,1,0
BRDA:44,15,2,0
BRF:34
BRH:14
end_of_record
TN:
SF:C:\Users\asif\Desktop\Trappist\trappist\Trappist\src\Promact.Trappist.Web\wwwroot\app\conduct\teststatus.enum.js
FN:4,(anonymous_1)
FNF:1
FNH:1
FNDA:1,(anonymous_1)
DA:2,1
DA:3,1
DA:4,1
DA:5,1
DA:6,1
DA:7,1
DA:8,1
LF:7
LH:7
BRDA:9,1,0,1
BRDA:9,1,1,1
BRF:2
BRH:2
end_of_record
TN:
SF:C:\Users\asif\Desktop\Trappist\trappist\Trappist\src\Promact.Trappist.Web\wwwroot\app\reports\testattendee.model.js
FN:3,(anonymous_1)
FN:4,TestAttendee
FNF:2
FNH:2
FNDA:1,(anonymous_1)
FNDA:3,TestAttendee
DA:2,1
DA:3,1
DA:4,1
DA:5,3
DA:7,1
DA:9,1
LF:6
LH:6
BRF:0
BRH:0
end_of_record
TN:
SF:C:\Users\asif\Desktop\Trappist\trappist\Trappist\src\Promact.Trappist.Web\wwwroot\app\tests\tests.model.js
FN:4,(anonymous_1)
FN:5,Test
FN:12,(anonymous_3)
FN:13,TestCategory
FN:18,(anonymous_5)
FN:19,TestQuestion
FN:26,(anonymous_7)
FN:27,TestQuestionAC
FNF:8
FNH:7
FNDA:1,(anonymous_1)
FNDA:18,Test
FNDA:1,(anonymous_3)
FNDA:12,TestCategory
FNDA:1,(anonymous_5)
FNDA:0,TestQuestion
FNDA:1,(anonymous_7)
FNDA:2,TestQuestionAC
DA:2,1
DA:3,1
DA:4,1
DA:5,1
DA:6,18
DA:7,18
DA:9,1
DA:11,1
DA:12,1
DA:13,1
DA:15,1
DA:17,1
DA:18,1
DA:19,1
DA:20,0
DA:21,0
DA:23,1
DA:25,1
DA:26,1
DA:27,1
DA:29,1
DA:31,1
LF:22
LH:20
BRF:0
BRH:0
end_of_record
TN:
SF:C:\Users\asif\Desktop\Trappist\trappist\Trappist\src\Promact.Trappist.Web\wwwroot\app\reports\test-code-solution-details.model.js
FN:3,(anonymous_1)
FN:4,TestCodeSolutionDetails
FNF:2
FNH:1
FNDA:1,(anonymous_1)
FNDA:0,TestCodeSolutionDetails
DA:2,1
DA:3,1
DA:4,1
DA:6,1
DA:8,1
LF:5
LH:5
BRF:0
BRH:0
end_of_record
TN:
SF:C:\Users\asif\Desktop\Trappist\trappist\Trappist\src\Promact.Trappist.Web\wwwroot\app\conduct\question_status.enum.js
FN:4,(anonymous_1)
FN:11,(anonymous_2)
FNF:2
FNH:2
FNDA:1,(anonymous_1)
FNDA:1,(anonymous_2)
DA:2,1
DA:3,1
DA:4,1
DA:5,1
DA:6,1
DA:7,1
DA:8,1
DA:10,1
DA:11,1
DA:12,1
DA:13,1
DA:14,1
LF:12
LH:12
BRDA:9,1,0,1
BRDA:9,1,1,1
BRDA:15,2,0,1
BRDA:15,2,1,1
BRF:4
BRH:4
end_of_record
TN:
SF:C:\Users\asif\Desktop\Trappist\trappist\Trappist\src\Promact.Trappist.Web\wwwroot\app\tests\enum-allowtestresume.js
FN:4,(anonymous_1)
FNF:1
FNH:1
FNDA:1,(anonymous_1)
DA:2,1
DA:3,1
DA:4,1
DA:5,1
DA:6,1
LF:5
LH:5
BRDA:7,1,0,1
BRDA:7,1,1,1
BRF:2
BRH:2
end_of_record
TN:
SF:C:\Users\asif\Desktop\Trappist\trappist\Trappist\src\Promact.Trappist.Web\wwwroot\app\reports\report.service.js
FN:2,(anonymous_1)
FN:8,(anonymous_2)
FN:14,(anonymous_3)
FN:15,ReportService
FN:23,(anonymous_5)
FN:30,(anonymous_6)
FN:37,(anonymous_7)
FN:46,(anonymous_8)
FN:53,(anonymous_9)
FN:60,(anonymous_10)
FN:67,(anonymous_11)
FN:75,(anonymous_12)
FN:82,(anonymous_13)
FN:90,(anonymous_14)
FN:98,(anonymous_15)
FN:106,(anonymous_16)
FN:109,(anonymous_17)
FN:112,(anonymous_18)
FN:115,(anonymous_19)
FN:122,(anonymous_20)
FN:125,(anonymous_21)
FN:132,(anonymous_22)
FNF:22
FNH:4
FNDA:1,(anonymous_1)
FNDA:1,(anonymous_2)
FNDA:1,(anonymous_3)
FNDA:3,ReportService
FNDA:0,(anonymous_5)
FNDA:0,(anonymous_6)
FNDA:0,(anonymous_7)
FNDA:0,(anonymous_8)
FNDA:0,(anonymous_9)
FNDA:0,(anonymous_10)
FNDA:0,(anonymous_11)
FNDA:0,(anonymous_12)
FNDA:0,(anonymous_13)
FNDA:0,(anonymous_14)
FNDA:0,(anonymous_15)
FNDA:0,(anonymous_16)
FNDA:0,(anonymous_17)
FNDA:0,(anonymous_18)
FNDA:0,(anonymous_19)
FNDA:0,(anonymous_20)
FNDA:0,(anonymous_21)
FNDA:0,(anonymous_22)
DA:2,1
DA:3,1
DA:4,1
DA:5,0
DA:6,1
DA:8,1
DA:9,1
DA:11,1
DA:12,1
DA:13,1
DA:14,1
DA:15,1
DA:16,3
DA:17,3
DA:23,1
DA:24,0
DA:30,1
DA:31,0
DA:37,1
DA:38,0
DA:46,1
DA:47,0
DA:53,1
DA:54,0
DA:60,1
DA:61,0
DA:67,1
DA:68,0
DA:75,1
DA:76,0
DA:82,1
DA:83,0
DA:90,1
DA:91,0
DA:98,1
DA:99,0
DA:106,1
DA:107,0
DA:109,1
DA:110,0
DA:112,1
DA:113,0
DA:115,1
DA:116,0
DA:122,1
DA:123,0
DA:125,1
DA:126,0
DA:132,1
DA:133,0
DA:135,1
DA:137,1
DA:141,1
LF:53
LH:34
BRDA:2,1,0,1
BRDA:2,1,1,1
BRDA:2,1,2,1
BRDA:3,2,0,1
BRDA:3,2,1,0
BRDA:3,3,0,0
BRDA:3,3,1,0
BRDA:4,4,0,1
BRDA:4,4,1,0
BRDA:4,5,0,1
BRDA:4,5,1,1
BRDA:5,6,0,0
BRDA:5,6,1,0
BRDA:5,7,0,0
BRDA:5,7,1,0
BRDA:5,8,0,0
BRDA:5,8,1,0
BRDA:5,9,0,0
BRDA:5,9,1,0
BRDA:6,10,0,1
BRDA:6,10,1,0
BRDA:6,10,2,0
BRDA:8,11,0,1
BRDA:8,11,1,1
BRDA:8,11,2,1
BRDA:9,12,0,1
BRDA:9,12,1,0
BRDA:9,13,0,1
BRDA:9,13,1,1
BRF:29
BRH:14
end_of_record
TN:
SF:C:\Users\asif\Desktop\Trappist\trappist\Trappist\src\Promact.Trappist.Web\wwwroot\app\Mock_Data\test_data.mock.js
FNF:0
FNH:0
DA:2,1
DA:3,1
DA:162,1
DA:194,1
LF:4
LH:4
BRF:0
BRH:0
end_of_record
TN:
SF:C:\Users\asif\Desktop\Trappist\trappist\Trappist\src\Promact.Trappist.Web\wwwroot\app\conduct\shared\test-conduct-footer\test-conduct-footer.component.js
FN:2,(anonymous_1)
FN:10,(anonymous_2)
FN:11,TestConductFooterComponent
FNF:3
FNH:2
FNDA:1,(anonymous_1)
FNDA:1,(anonymous_2)
FNDA:0,TestConductFooterComponent
DA:2,1
DA:3,1
DA:4,1
DA:5,0
DA:6,1
DA:8,1
DA:9,1
DA:10,1
DA:11,1
DA:13,1
DA:15,1
DA:22,1
LF:12
LH:11
BRDA:2,1,0,1
BRDA:2,1,1,1
BRDA:2,1,2,1
BRDA:3,2,0,1
BRDA:3,2,1,0
BRDA:3,3,0,0
BRDA:3,3,1,0
BRDA:4,4,0,1
BRDA:4,4,1,0
BRDA:4,5,0,1
BRDA:4,5,1,1
BRDA:5,6,0,0
BRDA:5,6,1,0
BRDA:5,7,0,0
BRDA:5,7,1,0
BRDA:5,8,0,0
BRDA:5,8,1,0
BRDA:5,9,0,0
BRDA:5,9,1,0
BRDA:6,10,0,1
BRDA:6,10,1,0
BRDA:6,10,2,0
BRF:22
BRH:8
end_of_record
TN:
SF:C:\Users\asif\Desktop\Trappist\trappist\Trappist\src\Promact.Trappist.Web\wwwroot\app\conduct\shared\test-conduct-header\test-conduct-header.component.js
FN:2,(anonymous_1)
FN:10,(anonymous_2)
FN:11,TestConductHeaderComponent
FNF:3
FNH:2
FNDA:1,(anonymous_1)
FNDA:1,(anonymous_2)
FNDA:0,TestConductHeaderComponent
DA:2,1
DA:3,1
DA:4,1
DA:5,0
DA:6,1
DA:8,1
DA:9,1
DA:10,1
DA:11,1
DA:13,1
DA:15,1
DA:22,1
LF:12
LH:11
BRDA:2,1,0,1
BRDA:2,1,1,1
BRDA:2,1,2,1
BRDA:3,2,0,1
BRDA:3,2,1,0
BRDA:3,3,0,0
BRDA:3,3,1,0
BRDA:4,4,0,1
BRDA:4,4,1,0
BRDA:4,5,0,1
BRDA:4,5,1,1
BRDA:5,6,0,0
BRDA:5,6,1,0
BRDA:5,7,0,0
BRDA:5,7,1,0
BRDA:5,8,0,0
BRDA:5,8,1,0
BRDA:5,9,0,0
BRDA:5,9,1,0
BRDA:6,10,0,1
BRDA:6,10,1,0
BRDA:6,10,2,0
BRF:22
BRH:8
end_of_record
TN:
SF:C:\Users\asif\Desktop\Trappist\trappist\Trappist\src\Promact.Trappist.Web\wwwroot\app\questions\questions-dashboard\add-category-dialog.component.js
FN:2,(anonymous_1)
FN:8,(anonymous_2)
FN:16,(anonymous_3)
FN:17,AddCategoryDialogComponent
FN:29,(anonymous_5)
FN:38,(anonymous_6)
FN:43,(anonymous_7)
FN:47,(anonymous_8)
FN:58,(anonymous_9)
FN:65,(anonymous_10)
FNF:10
FNH:8
FNDA:1,(anonymous_1)
FNDA:1,(anonymous_2)
FNDA:1,(anonymous_3)
FNDA:4,AddCategoryDialogComponent
FNDA:1,(anonymous_5)
FNDA:2,(anonymous_6)
FNDA:1,(anonymous_7)
FNDA:1,(anonymous_8)
FNDA:0,(anonymous_9)
FNDA:0,(anonymous_10)
DA:2,1
DA:3,1
DA:4,1
DA:5,0
DA:6,1
DA:8,1
DA:9,1
DA:11,1
DA:12,1
DA:13,1
DA:14,1
DA:15,1
DA:16,1
DA:17,1
DA:18,4
DA:19,4
DA:20,4
DA:21,4
DA:22,4
DA:23,4
DA:24,4
DA:29,1
DA:30,1
DA:38,1
DA:39,2
DA:40,2
DA:41,2
DA:42,2
DA:43,2
DA:44,1
DA:45,1
DA:46,1
DA:48,1
DA:49,1
DA:50,1
DA:51,1
DA:58,1
DA:59,0
DA:65,1
DA:66,0
DA:67,0
DA:69,1
DA:71,1
DA:79,1
LF:44
LH:40
BRDA:2,1,0,1
BRDA:2,1,1,1
BRDA:2,1,2,1
BRDA:3,2,0,1
BRDA:3,2,1,0
BRDA:3,3,0,0
BRDA:3,3,1,0
BRDA:4,4,0,1
BRDA:4,4,1,0
BRDA:4,5,0,1
BRDA:4,5,1,1
BRDA:5,6,0,0
BRDA:5,6,1,0
BRDA:5,7,0,0
BRDA:5,7,1,0
BRDA:5,8,0,0
BRDA:5,8,1,0
BRDA:5,9,0,0
BRDA:5,9,1,0
BRDA:6,10,0,1
BRDA:6,10,1,0
BRDA:6,10,2,0
BRDA:8,11,0,1
BRDA:8,11,1,1
BRDA:8,11,2,1
BRDA:9,12,0,1
BRDA:9,12,1,0
BRDA:9,13,0,1
BRDA:9,13,1,1
BRDA:42,14,0,2
BRDA:42,14,1,0
BRDA:66,15,0,0
BRDA:66,15,1,0
BRDA:66,16,0,0
BRDA:66,16,1,0
BRF:35
BRH:15
end_of_record
TN:
SF:C:\Users\asif\Desktop\Trappist\trappist\Trappist\src\Promact.Trappist.Web\wwwroot\app\questions\category.model.js
FN:3,(anonymous_1)
FN:4,Category
FNF:2
FNH:2
FNDA:1,(anonymous_1)
FNDA:16,Category
DA:2,1
DA:3,1
DA:4,1
DA:5,16
DA:7,1
DA:9,1
LF:6
LH:6
BRF:0
BRH:0
end_of_record
TN:
SF:C:\Users\asif\Desktop\Trappist\trappist\Trappist\src\Promact.Trappist.Web\wwwroot\app\questions\categories.service.js
FN:2,(anonymous_1)
FN:8,(anonymous_2)
FN:14,(anonymous_3)
FN:15,CategoryService
FN:22,(anonymous_5)
FN:29,(anonymous_6)
FN:37,(anonymous_7)
FN:44,(anonymous_8)
FNF:8
FNH:4
FNDA:1,(anonymous_1)
FNDA:1,(anonymous_2)
FNDA:1,(anonymous_3)
FNDA:12,CategoryService
FNDA:0,(anonymous_5)
FNDA:0,(anonymous_6)
FNDA:0,(anonymous_7)
FNDA:0,(anonymous_8)
DA:2,1
DA:3,1
DA:4,1
DA:5,0
DA:6,1
DA:8,1
DA:9,1
DA:11,1
DA:12,1
DA:13,1
DA:14,1
DA:15,1
DA:16,12
DA:17,12
DA:22,1
DA:23,0
DA:29,1
DA:30,0
DA:37,1
DA:38,0
DA:44,1
DA:45,0
DA:47,1
DA:49,1
DA:53,1
LF:25
LH:20
BRDA:2,1,0,1
BRDA:2,1,1,1
BRDA:2,1,2,1
BRDA:3,2,0,1
BRDA:3,2,1,0
BRDA:3,3,0,0
BRDA:3,3,1,0
BRDA:4,4,0,1
BRDA:4,4,1,0
BRDA:4,5,0,1
BRDA:4,5,1,1
BRDA:5,6,0,0
BRDA:5,6,1,0
BRDA:5,7,0,0
BRDA:5,7,1,0
BRDA:5,8,0,0
BRDA:5,8,1,0
BRDA:5,9,0,0
BRDA:5,9,1,0
BRDA:6,10,0,1
BRDA:6,10,1,0
BRDA:6,10,2,0
BRDA:8,11,0,1
BRDA:8,11,1,1
BRDA:8,11,2,1
BRDA:9,12,0,1
BRDA:9,12,1,0
BRDA:9,13,0,1
BRDA:9,13,1,1
BRF:29
BRH:14
end_of_record
TN:
SF:C:\Users\asif\Desktop\Trappist\trappist\Trappist\src\Promact.Trappist.Web\wwwroot\app\questions\questions-dashboard\questions-dashboard.component.js
FN:2,(anonymous_1)
FN:8,(anonymous_2)
FN:25,(anonymous_3)
FN:26,QuestionsDashboardComponent
FN:57,(anonymous_5)
FN:77,(anonymous_6)
FN:87,(anonymous_7)
FN:92,(anonymous_8)
FN:101,(anonymous_9)
FN:103,(anonymous_10)
FN:118,(anonymous_11)
FN:128,(anonymous_12)
FN:149,(anonymous_13)
FN:150,(anonymous_14)
FN:161,(anonymous_15)
FN:164,(anonymous_16)
FN:180,(anonymous_17)
FN:191,(anonymous_18)
FN:209,(anonymous_19)
FN:230,(anonymous_20)
FN:246,(anonymous_21)
FN:265,(anonymous_22)
FN:283,(anonymous_23)
FN:305,(anonymous_24)
FN:311,(anonymous_25)
FN:314,(anonymous_26)
FN:326,(anonymous_27)
FN:328,(anonymous_28)
FN:331,(anonymous_29)
FN:334,(anonymous_30)
FN:346,(anonymous_31)
FN:350,(anonymous_32)
FN:361,(anonymous_33)
FN:365,(anonymous_34)
FN:377,(anonymous_35)
FN:389,(anonymous_36)
FN:391,(anonymous_37)
FN:402,(anonymous_38)
FN:419,(anonymous_39)
FN:433,(anonymous_40)
FN:441,(anonymous_41)
FNF:41
FNH:16
FNDA:1,(anonymous_1)
FNDA:1,(anonymous_2)
FNDA:1,(anonymous_3)
FNDA:6,QuestionsDashboardComponent
FNDA:0,(anonymous_5)
FNDA:0,(anonymous_6)
FNDA:0,(anonymous_7)
FNDA:0,(anonymous_8)
FNDA:0,(anonymous_9)
FNDA:0,(anonymous_10)
FNDA:0,(anonymous_11)
FNDA:0,(anonymous_12)
FNDA:1,(anonymous_13)
FNDA:0,(anonymous_14)
FNDA:0,(anonymous_15)
FNDA:0,(anonymous_16)
FNDA:0,(anonymous_17)
FNDA:0,(anonymous_18)
FNDA:0,(anonymous_19)
FNDA:0,(anonymous_20)
FNDA:0,(anonymous_21)
FNDA:0,(anonymous_22)
FNDA:0,(anonymous_23)
FNDA:0,(anonymous_24)
FNDA:2,(anonymous_25)
FNDA:1,(anonymous_26)
FNDA:1,(anonymous_27)
FNDA:0,(anonymous_28)
FNDA:0,(anonymous_29)
FNDA:0,(anonymous_30)
FNDA:1,(anonymous_31)
FNDA:1,(anonymous_32)
FNDA:1,(anonymous_33)
FNDA:1,(anonymous_34)
FNDA:1,(anonymous_35)
FNDA:1,(anonymous_36)
FNDA:1,(anonymous_37)
FNDA:3,(anonymous_38)
FNDA:0,(anonymous_39)
FNDA:0,(anonymous_40)
FNDA:0,(anonymous_41)
DA:2,1
DA:3,1
DA:4,1
DA:5,0
DA:6,1
DA:8,1
DA:9,1
DA:11,1
DA:12,1
DA:13,1
DA:14,1
DA:15,1
DA:16,1
DA:17,1
DA:18,1
DA:19,1
DA:20,1
DA:21,1
DA:22,1
DA:23,1
DA:24,1
DA:25,1
DA:26,1
DA:27,6
DA:28,6
DA:29,6
DA:30,6
DA:31,6
DA:33,6
DA:35,6
DA:36,6
DA:37,6
DA:38,6
DA:39,6
DA:40,6
DA:41,6
DA:42,6
DA:43,6
DA:44,6
DA:45,6
DA:46,6
DA:47,6
DA:48,6
DA:49,6
DA:50,6
DA:51,6
DA:52,6
DA:53,6
DA:54,6
DA:55,6
DA:57,1
DA:58,0
DA:59,0
DA:60,0
DA:61,0
DA:62,0
DA:63,0
DA:64,0
DA:65,0
DA:67,0
DA:68,0
DA:69,0
DA:71,0
DA:77,1
DA:78,0
DA:79,0
DA:87,1
DA:88,0
DA:89,0
DA:90,0
DA:91,0
DA:92,0
DA:93,0
DA:94,0
DA:96,0
DA:101,1
DA:102,0
DA:103,0
DA:104,0
DA:105,0
DA:106,0
DA:107,0
DA:108,0
DA:109,0
DA:110,0
DA:111,0
DA:112,0
DA:118,1
DA:119,0
DA:120,0
DA:121,0
DA:122,0
DA:123,0
DA:124,0
DA:125,0
DA:126,0
DA:127,0
DA:128,0
DA:129,0
DA:130,0
DA:131,0
DA:132,0
DA:133,0
DA:134,0
DA:135,0
DA:136,0
DA:139,0
DA:140,0
DA:141,0
DA:142,0
DA:143,0
DA:149,1
DA:150,1
DA:151,0
DA:152,0
DA:153,0
DA:154,0
DA:155,0
DA:161,1
DA:162,0
DA:163,0
DA:164,0
DA:165,0
DA:166,0
DA:167,0
DA:169,0
DA:170,0
DA:171,0
DA:172,0
DA:173,0
DA:180,1
DA:181,0
DA:182,0
DA:183,0
DA:191,1
DA:192,0
DA:193,0
DA:194,0
DA:195,0
DA:196,0
DA:197,0
DA:198,0
DA:199,0
DA:200,0
DA:201,0
DA:204,0
DA:205,0
DA:206,0
DA:207,0
DA:208,0
DA:209,0
DA:210,0
DA:211,0
DA:212,0
DA:213,0
DA:214,0
DA:215,0
DA:216,0
DA:217,0
DA:218,0
DA:219,0
DA:222,0
DA:223,0
DA:230,1
DA:231,0
DA:232,0
DA:233,0
DA:234,0
DA:235,0
DA:236,0
DA:237,0
DA:238,0
DA:239,0
DA:240,0
DA:243,0
DA:245,0
DA:246,0
DA:247,0
DA:248,0
DA:249,0
DA:250,0
DA:251,0
DA:252,0
DA:253,0
DA:254,0
DA:257,0
DA:258,0
DA:265,1
DA:266,0
DA:267,0
DA:268,0
DA:269,0
DA:270,0
DA:273,0
DA:274,0
DA:276,0
DA:278,0
DA:279,0
DA:280,0
DA:281,0
DA:282,0
DA:283,0
DA:284,0
DA:285,0
DA:286,0
DA:287,0
DA:288,0
DA:291,0
DA:292,0
DA:293,0
DA:294,0
DA:295,0
DA:296,0
DA:297,0
DA:298,0
DA:299,0
DA:305,1
DA:306,0
DA:311,1
DA:312,2
DA:313,2
DA:314,2
DA:315,1
DA:316,1
DA:317,1
DA:319,1
DA:326,1
DA:327,1
DA:328,1
DA:329,1
DA:330,1
DA:331,1
DA:332,0
DA:333,0
DA:334,0
DA:335,0
DA:336,0
DA:346,1
DA:347,1
DA:348,1
DA:349,1
DA:350,1
DA:351,1
DA:352,1
DA:353,1
DA:361,1
DA:362,1
DA:363,1
DA:364,1
DA:365,1
DA:366,1
DA:367,1
DA:368,1
DA:369,1
DA:377,1
DA:378,1
DA:379,1
DA:382,0
DA:383,0
DA:389,1
DA:390,1
DA:391,1
DA:392,1
DA:393,1
DA:394,1
DA:395,1
DA:402,1
DA:403,3
DA:404,1
DA:406,2
DA:407,1
DA:410,1
DA:419,1
DA:420,0
DA:421,0
DA:422,0
DA:423,0
DA:426,0
DA:427,0
DA:429,0
DA:431,0
DA:432,0
DA:433,0
DA:434,0
DA:441,1
DA:442,0
DA:443,0
DA:444,0
DA:445,0
DA:446,0
DA:447,0
DA:448,0
DA:449,0
DA:450,0
DA:451,0
DA:453,1
DA:455,1
DA:463,1
LF:298
LH:114
BRDA:2,1,0,1
BRDA:2,1,1,1
BRDA:2,1,2,1
BRDA:3,2,0,1
BRDA:3,2,1,0
BRDA:3,3,0,0
BRDA:3,3,1,0
BRDA:4,4,0,1
BRDA:4,4,1,0
BRDA:4,5,0,1
BRDA:4,5,1,1
BRDA:5,6,0,0
BRDA:5,6,1,0
BRDA:5,7,0,0
BRDA:5,7,1,0
BRDA:5,8,0,0
BRDA:5,8,1,0
BRDA:5,9,0,0
BRDA:5,9,1,0
BRDA:6,10,0,1
BRDA:6,10,1,0
BRDA:6,10,2,0
BRDA:8,11,0,1
BRDA:8,11,1,1
BRDA:8,11,2,1
BRDA:9,12,0,1
BRDA:9,12,1,0
BRDA:9,13,0,1
BRDA:9,13,1,1
BRDA:63,14,0,0
BRDA:63,14,1,0
BRDA:68,15,0,0
BRDA:68,15,1,0
BRDA:78,16,0,0
BRDA:78,16,1,0
BRDA:93,17,0,0
BRDA:93,17,1,0
BRDA:105,18,0,0
BRDA:105,18,1,0
BRDA:106,19,0,0
BRDA:106,19,1,0
BRDA:106,20,0,0
BRDA:106,20,1,0
BRDA:108,21,0,0
BRDA:108,21,1,0
BRDA:110,22,0,0
BRDA:110,22,1,0
BRDA:131,23,0,0
BRDA:131,23,1,0
BRDA:134,24,0,0
BRDA:134,24,1,0
BRDA:134,25,0,0
BRDA:134,25,1,0
BRDA:151,26,0,0
BRDA:151,26,1,0
BRDA:153,27,0,0
BRDA:153,27,1,0
BRDA:166,28,0,0
BRDA:166,28,1,0
BRDA:171,29,0,0
BRDA:171,29,1,0
BRDA:182,30,0,0
BRDA:182,30,1,0
BRDA:198,31,0,0
BRDA:198,31,1,0
BRDA:211,32,0,0
BRDA:211,32,1,0
BRDA:216,33,0,0
BRDA:216,33,1,0
BRDA:237,34,0,0
BRDA:237,34,1,0
BRDA:237,35,0,0
BRDA:237,35,1,0
BRDA:237,35,2,0
BRDA:248,36,0,0
BRDA:248,36,1,0
BRDA:251,37,0,0
BRDA:251,37,1,0
BRDA:268,38,0,0
BRDA:268,38,1,0
BRDA:268,39,0,0
BRDA:268,39,1,0
BRDA:268,39,2,0
BRDA:268,39,3,0
BRDA:273,40,0,0
BRDA:273,40,1,0
BRDA:278,41,0,0
BRDA:278,41,1,0
BRDA:281,42,0,0
BRDA:281,42,1,0
BRDA:286,43,0,0
BRDA:286,43,1,0
BRDA:291,44,0,0
BRDA:291,44,1,0
BRDA:296,45,0,0
BRDA:296,45,1,0
BRDA:315,46,0,1
BRDA:315,46,1,0
BRDA:315,47,0,1
BRDA:315,47,1,1
BRDA:319,48,0,0
BRDA:319,48,1,1
BRDA:332,49,0,0
BRDA:332,49,1,0
BRDA:332,50,0,0
BRDA:332,50,1,0
BRDA:335,51,0,0
BRDA:335,51,1,0
BRDA:351,52,0,1
BRDA:351,52,1,0
BRDA:353,53,0,0
BRDA:353,53,1,1
BRDA:366,54,0,1
BRDA:366,54,1,0
BRDA:378,55,0,1
BRDA:378,55,1,0
BRDA:382,56,0,0
BRDA:382,56,1,0
BRDA:403,57,0,1
BRDA:403,57,1,2
BRDA:406,58,0,1
BRDA:406,58,1,1
BRDA:421,59,0,0
BRDA:421,59,1,0
BRDA:421,60,0,0
BRDA:421,60,1,0
BRDA:421,60,2,0
BRDA:421,60,3,0
BRDA:426,61,0,0
BRDA:426,61,1,0
BRDA:444,62,0,0
BRDA:444,62,1,0
BRDA:446,63,0,0
BRDA:446,63,1,0
BRDA:448,64,0,0
BRDA:448,64,1,0
BRDA:450,65,0,0
BRDA:450,65,1,0
BRF:138
BRH:26
end_of_record
TN:
SF:C:\Users\asif\Desktop\Trappist\trappist\Trappist\src\Promact.Trappist.Web\wwwroot\app\questions\questions-dashboard\delete-category-dialog.component.js
FN:2,(anonymous_1)
FN:8,(anonymous_2)
FN:15,(anonymous_3)
FN:16,DeleteCategoryDialogComponent
FN:27,(anonymous_5)
FN:35,(anonymous_6)
FN:37,(anonymous_7)
FN:40,(anonymous_8)
FNF:8
FNH:4
FNDA:1,(anonymous_1)
FNDA:1,(anonymous_2)
FNDA:1,(anonymous_3)
FNDA:1,DeleteCategoryDialogComponent
FNDA:0,(anonymous_5)
FNDA:0,(anonymous_6)
FNDA:0,(anonymous_7)
FNDA:0,(anonymous_8)
DA:2,1
DA:3,1
DA:4,1
DA:5,0
DA:6,1
DA:8,1
DA:9,1
DA:11,1
DA:12,1
DA:13,1
DA:14,1
DA:15,1
DA:16,1
DA:17,1
DA:18,1
DA:19,1
DA:20,1
DA:21,1
DA:22,1
DA:27,1
DA:28,0
DA:35,1
DA:36,0
DA:37,0
DA:38,0
DA:39,0
DA:41,0
DA:42,0
DA:43,0
DA:44,0
DA:45,0
DA:48,0
DA:49,0
DA:53,1
DA:55,1
DA:63,1
LF:36
LH:23
BRDA:2,1,0,1
BRDA:2,1,1,1
BRDA:2,1,2,1
BRDA:3,2,0,1
BRDA:3,2,1,0
BRDA:3,3,0,0
BRDA:3,3,1,0
BRDA:4,4,0,1
BRDA:4,4,1,0
BRDA:4,5,0,1
BRDA:4,5,1,1
BRDA:5,6,0,0
BRDA:5,6,1,0
BRDA:5,7,0,0
BRDA:5,7,1,0
BRDA:5,8,0,0
BRDA:5,8,1,0
BRDA:5,9,0,0
BRDA:5,9,1,0
BRDA:6,10,0,1
BRDA:6,10,1,0
BRDA:6,10,2,0
BRDA:8,11,0,1
BRDA:8,11,1,1
BRDA:8,11,2,1
BRDA:9,12,0,1
BRDA:9,12,1,0
BRDA:9,13,0,1
BRDA:9,13,1,1
BRDA:41,14,0,0
BRDA:41,14,1,0
BRF:31
BRH:14
end_of_record
TN:
SF:C:\Users\asif\Desktop\Trappist\trappist\Trappist\src\Promact.Trappist.Web\wwwroot\app\questions\questions-dashboard\delete-question-dialog.component.js
FN:2,(anonymous_1)
FN:8,(anonymous_2)
FN:15,(anonymous_3)
FN:16,DeleteQuestionDialogComponent
FN:28,(anonymous_5)
FN:38,(anonymous_6)
FN:40,(anonymous_7)
FN:43,(anonymous_8)
FNF:8
FNH:4
FNDA:1,(anonymous_1)
FNDA:1,(anonymous_2)
FNDA:1,(anonymous_3)
FNDA:1,DeleteQuestionDialogComponent
FNDA:0,(anonymous_5)
FNDA:0,(anonymous_6)
FNDA:0,(anonymous_7)
FNDA:0,(anonymous_8)
DA:2,1
DA:3,1
DA:4,1
DA:5,0
DA:6,1
DA:8,1
DA:9,1
DA:11,1
DA:12,1
DA:13,1
DA:14,1
DA:15,1
DA:16,1
DA:17,1
DA:18,1
DA:19,1
DA:20,1
DA:21,1
DA:28,1
DA:29,0
DA:30,0
DA:38,1
DA:39,0
DA:40,0
DA:41,0
DA:42,0
DA:44,0
DA:45,0
DA:46,0
DA:47,0
DA:48,0
DA:50,0
DA:51,0
DA:54,1
DA:56,1
DA:64,1
LF:36
LH:22
BRDA:2,1,0,1
BRDA:2,1,1,1
BRDA:2,1,2,1
BRDA:3,2,0,1
BRDA:3,2,1,0
BRDA:3,3,0,0
BRDA:3,3,1,0
BRDA:4,4,0,1
BRDA:4,4,1,0
BRDA:4,5,0,1
BRDA:4,5,1,1
BRDA:5,6,0,0
BRDA:5,6,1,0
BRDA:5,7,0,0
BRDA:5,7,1,0
BRDA:5,8,0,0
BRDA:5,8,1,0
BRDA:5,9,0,0
BRDA:5,9,1,0
BRDA:6,10,0,1
BRDA:6,10,1,0
BRDA:6,10,2,0
BRDA:8,11,0,1
BRDA:8,11,1,1
BRDA:8,11,2,1
BRDA:9,12,0,1
BRDA:9,12,1,0
BRDA:9,13,0,1
BRDA:9,13,1,1
BRDA:29,14,0,0
BRDA:29,14,1,0
BRDA:44,15,0,0
BRDA:44,15,1,0
BRF:33
BRH:14
end_of_record
TN:
SF:C:\Users\asif\Desktop\Trappist\trappist\Trappist\src\Promact.Trappist.Web\wwwroot\app\questions\questions.service.js
FN:2,(anonymous_1)
FN:8,(anonymous_2)
FN:14,(anonymous_3)
FN:15,QuestionsService
FN:23,(anonymous_5)
FN:31,(anonymous_6)
FN:37,(anonymous_7)
FN:43,(anonymous_8)
FN:50,(anonymous_9)
FN:57,(anonymous_10)
FN:64,(anonymous_11)
FN:72,(anonymous_12)
FN:80,(anonymous_13)
FNF:13
FNH:4
FNDA:1,(anonymous_1)
FNDA:1,(anonymous_2)
FNDA:1,(anonymous_3)
FNDA:12,QuestionsService
FNDA:0,(anonymous_5)
FNDA:0,(anonymous_6)
FNDA:0,(anonymous_7)
FNDA:0,(anonymous_8)
FNDA:0,(anonymous_9)
FNDA:0,(anonymous_10)
FNDA:0,(anonymous_11)
FNDA:0,(anonymous_12)
FNDA:0,(anonymous_13)
DA:2,1
DA:3,1
DA:4,1
DA:5,0
DA:6,1
DA:8,1
DA:9,1
DA:11,1
DA:12,1
DA:13,1
DA:14,1
DA:15,1
DA:16,12
DA:17,12
DA:23,1
DA:24,0
DA:31,1
DA:32,0
DA:37,1
DA:38,0
DA:43,1
DA:44,0
DA:50,1
DA:51,0
DA:57,1
DA:58,0
DA:64,1
DA:65,0
DA:72,1
DA:73,0
DA:80,1
DA:81,0
DA:83,1
DA:85,1
DA:89,1
LF:35
LH:25
BRDA:2,1,0,1
BRDA:2,1,1,1
BRDA:2,1,2,1
BRDA:3,2,0,1
BRDA:3,2,1,0
BRDA:3,3,0,0
BRDA:3,3,1,0
BRDA:4,4,0,1
BRDA:4,4,1,0
BRDA:4,5,0,1
BRDA:4,5,1,1
BRDA:5,6,0,0
BRDA:5,6,1,0
BRDA:5,7,0,0
BRDA:5,7,1,0
BRDA:5,8,0,0
BRDA:5,8,1,0
BRDA:5,9,0,0
BRDA:5,9,1,0
BRDA:6,10,0,1
BRDA:6,10,1,0
BRDA:6,10,2,0
BRDA:8,11,0,1
BRDA:8,11,1,1
BRDA:8,11,2,1
BRDA:9,12,0,1
BRDA:9,12,1,0
BRDA:9,13,0,1
BRDA:9,13,1,1
BRF:29
BRH:14
end_of_record
TN:
SF:C:\Users\asif\Desktop\Trappist\trappist\Trappist\src\Promact.Trappist.Web\wwwroot\app\questions\enum-difficultylevel.js
FN:4,(anonymous_1)
FNF:1
FNH:1
FNDA:1,(anonymous_1)
DA:2,1
DA:3,1
DA:4,1
DA:5,1
DA:6,1
DA:7,1
DA:8,1
LF:7
LH:7
BRDA:9,1,0,1
BRDA:9,1,1,1
BRF:2
BRH:2
end_of_record
TN:
SF:C:\Users\asif\Desktop\Trappist\trappist\Trappist\src\Promact.Trappist.Web\wwwroot\app\questions\enum-questiontype.js
FN:4,(anonymous_1)
FNF:1
FNH:1
FNDA:1,(anonymous_1)
DA:2,1
DA:3,1
DA:4,1
DA:5,1
DA:6,1
DA:7,1
LF:6
LH:6
BRDA:8,1,0,1
BRDA:8,1,1,1
BRF:2
BRH:2
end_of_record
TN:
SF:C:\Users\asif\Desktop\Trappist\trappist\Trappist\src\Promact.Trappist.Web\wwwroot\app\questions\questions-dashboard\update-category-dialog.component.js
FN:2,(anonymous_1)
FN:8,(anonymous_2)
FN:15,(anonymous_3)
FN:16,UpdateCategoryDialogComponent
FN:28,(anonymous_5)
FN:37,(anonymous_6)
FN:42,(anonymous_7)
FN:46,(anonymous_8)
FN:57,(anonymous_9)
FN:64,(anonymous_10)
FNF:10
FNH:4
FNDA:1,(anonymous_1)
FNDA:1,(anonymous_2)
FNDA:1,(anonymous_3)
FNDA:1,UpdateCategoryDialogComponent
FNDA:0,(anonymous_5)
FNDA:0,(anonymous_6)
FNDA:0,(anonymous_7)
FNDA:0,(anonymous_8)
FNDA:0,(anonymous_9)
FNDA:0,(anonymous_10)
DA:2,1
DA:3,1
DA:4,1
DA:5,0
DA:6,1
DA:8,1
DA:9,1
DA:11,1
DA:12,1
DA:13,1
DA:14,1
DA:15,1
DA:16,1
DA:17,1
DA:18,1
DA:19,1
DA:20,1
DA:21,1
DA:22,1
DA:28,1
DA:29,0
DA:37,1
DA:38,0
DA:39,0
DA:40,0
DA:41,0
DA:42,0
DA:43,0
DA:44,0
DA:45,0
DA:47,0
DA:48,0
DA:49,0
DA:50,0
DA:57,1
DA:58,0
DA:64,1
DA:65,0
DA:66,0
DA:69,1
DA:71,1
DA:80,1
LF:42
LH:25
BRDA:2,1,0,1
BRDA:2,1,1,1
BRDA:2,1,2,1
BRDA:3,2,0,1
BRDA:3,2,1,0
BRDA:3,3,0,0
BRDA:3,3,1,0
BRDA:4,4,0,1
BRDA:4,4,1,0
BRDA:4,5,0,1
BRDA:4,5,1,1
BRDA:5,6,0,0
BRDA:5,6,1,0
BRDA:5,7,0,0
BRDA:5,7,1,0
BRDA:5,8,0,0
BRDA:5,8,1,0
BRDA:5,9,0,0
BRDA:5,9,1,0
BRDA:6,10,0,1
BRDA:6,10,1,0
BRDA:6,10,2,0
BRDA:8,11,0,1
BRDA:8,11,1,1
BRDA:8,11,2,1
BRDA:9,12,0,1
BRDA:9,12,1,0
BRDA:9,13,0,1
BRDA:9,13,1,1
BRDA:41,14,0,0
BRDA:41,14,1,0
BRDA:65,15,0,0
BRDA:65,15,1,0
BRDA:65,16,0,0
BRDA:65,16,1,0
BRF:35
BRH:14
end_of_record
TN:
SF:C:\Users\asif\Desktop\Trappist\trappist\Trappist\src\Promact.Trappist.Web\wwwroot\app\questions\numberOfQuestion.js
FN:3,(anonymous_1)
FN:4,QuestionCount
FNF:2
FNH:2
FNDA:1,(anonymous_1)
FNDA:7,QuestionCount
DA:2,1
DA:3,1
DA:4,1
DA:5,7
DA:6,7
DA:7,7
DA:9,1
DA:11,1
LF:8
LH:8
BRF:0
BRH:0
end_of_record
TN:
SF:C:\Users\asif\Desktop\Trappist\trappist\Trappist\src\Promact.Trappist.Web\wwwroot\app\questions\question-display.js
FN:3,(anonymous_1)
FN:4,QuestionDisplay
FNF:2
FNH:2
FNDA:1,(anonymous_1)
FNDA:4,QuestionDisplay
DA:2,1
DA:3,1
DA:4,1
DA:6,1
DA:8,1
LF:5
LH:5
BRF:0
BRH:0
end_of_record
TN:
SF:C:\Users\asif\Desktop\Trappist\trappist\Trappist\src\Promact.Trappist.Web\wwwroot\app\questions\questions-single-multiple-answer\questions-single-multiple-answer.component.js
FN:2,(anonymous_1)
FN:8,(anonymous_2)
FN:20,(anonymous_3)
FN:21,SingleMultipleAnswerQuestionComponent
FN:46,(anonymous_5)
FN:67,(anonymous_6)
FN:69,(anonymous_7)
FN:74,(anonymous_8)
FN:85,(anonymous_9)
FN:86,(anonymous_10)
FN:91,(anonymous_11)
FN:93,(anonymous_12)
FN:101,(anonymous_13)
FN:108,(anonymous_14)
FN:114,(anonymous_15)
FN:130,(anonymous_16)
FN:140,(anonymous_17)
FN:156,(anonymous_18)
FN:198,(anonymous_19)
FN:201,(anonymous_20)
FN:206,(anonymous_21)
FN:208,(anonymous_22)
FN:214,(anonymous_23)
FN:220,(anonymous_24)
FN:225,(anonymous_25)
FN:232,(anonymous_26)
FN:236,(anonymous_27)
FN:238,(anonymous_28)
FN:243,(anonymous_29)
FN:247,(anonymous_30)
FN:255,(anonymous_31)
FN:264,(anonymous_32)
FN:271,(anonymous_33)
FN:282,(anonymous_34)
FNF:34
FNH:19
FNDA:1,(anonymous_1)
FNDA:1,(anonymous_2)
FNDA:1,(anonymous_3)
FNDA:4,SingleMultipleAnswerQuestionComponent
FNDA:0,(anonymous_5)
FNDA:2,(anonymous_6)
FNDA:2,(anonymous_7)
FNDA:4,(anonymous_8)
FNDA:9,(anonymous_9)
FNDA:6,(anonymous_10)
FNDA:0,(anonymous_11)
FNDA:0,(anonymous_12)
FNDA:0,(anonymous_13)
FNDA:0,(anonymous_14)
FNDA:1,(anonymous_15)
FNDA:1,(anonymous_16)
FNDA:1,(anonymous_17)
FNDA:0,(anonymous_18)
FNDA:0,(anonymous_19)
FNDA:0,(anonymous_20)
FNDA:2,(anonymous_21)
FNDA:2,(anonymous_22)
FNDA:0,(anonymous_23)
FNDA:0,(anonymous_24)
FNDA:0,(anonymous_25)
FNDA:3,(anonymous_26)
FNDA:6,(anonymous_27)
FNDA:6,(anonymous_28)
FNDA:0,(anonymous_29)
FNDA:2,(anonymous_30)
FNDA:1,(anonymous_31)
FNDA:0,(anonymous_32)
FNDA:0,(anonymous_33)
FNDA:0,(anonymous_34)
DA:2,1
DA:3,1
DA:4,1
DA:5,0
DA:6,1
DA:8,1
DA:9,1
DA:11,1
DA:12,1
DA:13,1
DA:14,1
DA:15,1
DA:16,1
DA:17,1
DA:18,1
DA:19,1
DA:20,1
DA:21,1
DA:22,4
DA:23,4
DA:24,4
DA:25,4
DA:26,4
DA:27,4
DA:28,4
DA:29,4
DA:30,4
DA:31,4
DA:32,4
DA:33,4
DA:34,4
DA:35,4
DA:36,4
DA:37,4
DA:38,8
DA:39,8
DA:40,8
DA:42,4
DA:43,4
DA:44,4
DA:46,1
DA:47,0
DA:48,0
DA:49,0
DA:50,0
DA:51,0
DA:52,0
DA:53,0
DA:54,0
DA:55,0
DA:56,0
DA:58,0
DA:59,0
DA:60,0
DA:67,1
DA:68,2
DA:69,2
DA:70,2
DA:71,2
DA:72,2
DA:73,2
DA:74,4
DA:75,2
DA:76,2
DA:77,2
DA:78,0
DA:85,1
DA:86,9
DA:91,1
DA:92,0
DA:93,0
DA:94,0
DA:95,0
DA:96,0
DA:97,0
DA:99,0
DA:100,0
DA:102,0
DA:108,1
DA:109,0
DA:114,1
DA:115,1
DA:116,1
DA:117,1
DA:118,1
DA:120,1
DA:121,0
DA:123,1
DA:124,0
DA:130,1
DA:131,1
DA:132,1
DA:133,1
DA:134,1
DA:135,1
DA:136,1
DA:137,0
DA:140,1
DA:141,1
DA:142,1
DA:143,1
DA:144,2
DA:145,1
DA:146,2
DA:147,1
DA:151,1
DA:156,1
DA:157,0
DA:158,0
DA:159,0
DA:160,0
DA:162,0
DA:163,0
DA:164,0
DA:165,0
DA:167,0
DA:168,0
DA:170,0
DA:171,0
DA:172,0
DA:173,0
DA:175,0
DA:176,0
DA:178,0
DA:179,0
DA:180,0
DA:181,0
DA:183,0
DA:184,0
DA:185,0
DA:186,0
DA:188,0
DA:189,0
DA:190,0
DA:191,0
DA:198,1
DA:199,0
DA:200,0
DA:201,0
DA:206,1
DA:207,2
DA:208,2
DA:214,1
DA:215,0
DA:220,1
DA:221,0
DA:222,0
DA:224,0
DA:225,0
DA:232,1
DA:233,3
DA:234,3
DA:235,3
DA:236,6
DA:237,3
DA:238,6
DA:239,3
DA:241,3
DA:242,0
DA:243,0
DA:245,3
DA:248,2
DA:249,1
DA:252,1
DA:254,2
DA:256,1
DA:264,1
DA:265,0
DA:266,0
DA:267,0
DA:268,0
DA:269,0
DA:270,0
DA:271,0
DA:273,0
DA:274,0
DA:275,0
DA:276,0
DA:278,0
DA:279,0
DA:280,0
DA:281,0
DA:282,0
DA:285,1
DA:287,1
DA:295,1
LF:186
LH:104
BRDA:2,1,0,1
BRDA:2,1,1,1
BRDA:2,1,2,1
BRDA:3,2,0,1
BRDA:3,2,1,0
BRDA:3,3,0,0
BRDA:3,3,1,0
BRDA:4,4,0,1
BRDA:4,4,1,0
BRDA:4,5,0,1
BRDA:4,5,1,1
BRDA:5,6,0,0
BRDA:5,6,1,0
BRDA:5,7,0,0
BRDA:5,7,1,0
BRDA:5,8,0,0
BRDA:5,8,1,0
BRDA:5,9,0,0
BRDA:5,9,1,0
BRDA:6,10,0,1
BRDA:6,10,1,0
BRDA:6,10,2,0
BRDA:8,11,0,1
BRDA:8,11,1,1
BRDA:8,11,2,1
BRDA:9,12,0,1
BRDA:9,12,1,0
BRDA:9,13,0,1
BRDA:9,13,1,1
BRDA:54,14,0,0
BRDA:54,14,1,0
BRDA:54,15,0,0
BRDA:54,15,1,0
BRDA:58,16,0,0
BRDA:58,16,1,0
BRDA:77,17,0,0
BRDA:77,17,1,2
BRDA:86,18,0,4
BRDA:86,18,1,5
BRDA:95,19,0,0
BRDA:95,19,1,0
BRDA:95,20,0,0
BRDA:95,20,1,0
BRDA:117,21,0,1
BRDA:117,21,1,0
BRDA:120,22,0,0
BRDA:120,22,1,1
BRDA:123,23,0,0
BRDA:123,23,1,1
BRDA:136,24,0,0
BRDA:136,24,1,1
BRDA:142,25,0,1
BRDA:142,25,1,0
BRDA:144,26,0,1
BRDA:144,26,1,1
BRDA:146,27,0,1
BRDA:146,27,1,1
BRDA:157,28,0,0
BRDA:157,28,1,0
BRDA:162,29,0,0
BRDA:162,29,1,0
BRDA:167,30,0,0
BRDA:167,30,1,0
BRDA:170,31,0,0
BRDA:170,31,1,0
BRDA:175,32,0,0
BRDA:175,32,1,0
BRDA:178,33,0,0
BRDA:178,33,1,0
BRDA:183,34,0,0
BRDA:183,34,1,0
BRDA:188,35,0,0
BRDA:188,35,1,0
BRDA:221,36,0,0
BRDA:221,36,1,0
BRDA:222,37,0,0
BRDA:222,37,1,0
BRDA:224,38,0,0
BRDA:224,38,1,0
BRDA:237,39,0,3
BRDA:237,39,1,0
BRDA:241,40,0,0
BRDA:241,40,1,3
BRDA:245,41,0,1
BRDA:245,41,1,2
BRDA:248,42,0,1
BRDA:248,42,1,1
BRDA:266,43,0,0
BRDA:266,43,1,0
BRDA:266,44,0,0
BRDA:266,44,1,0
BRDA:273,45,0,0
BRDA:273,45,1,0
BRDA:273,46,0,0
BRDA:273,46,1,0
BRDA:278,47,0,0
BRDA:278,47,1,0
BRDA:278,48,0,0
BRDA:278,48,1,0
BRF:99
BRH:32
end_of_record
TN:
SF:C:\Users\asif\Desktop\Trappist\trappist\Trappist\src\Promact.Trappist.Web\wwwroot\app\questions\question.js
FN:6,(anonymous_1)
FN:7,QuestionBase
FNF:2
FNH:2
FNDA:1,(anonymous_1)
FNDA:6,QuestionBase
DA:2,1
DA:3,1
DA:4,1
DA:5,1
DA:6,1
DA:7,1
DA:8,6
DA:9,6
DA:10,6
DA:12,1
DA:14,1
LF:11
LH:11
BRF:0
BRH:0
end_of_record
TN:
SF:C:\Users\asif\Desktop\Trappist\trappist\Trappist\src\Promact.Trappist.Web\wwwroot\app\questions\question.model.js
FN:3,(anonymous_1)
FN:4,Question
FNF:2
FNH:2
FNDA:1,(anonymous_1)
FNDA:6,Question
DA:2,1
DA:3,1
DA:4,1
DA:6,1
DA:8,1
LF:5
LH:5
BRF:0
BRH:0
end_of_record
TN:
SF:C:\Users\asif\Desktop\Trappist\trappist\Trappist\src\Promact.Trappist.Web\wwwroot\app\questions\single-multiple-question.js
FN:3,(anonymous_1)
FN:4,SingleMultipleAnswerQuestion
FNF:2
FNH:2
FNDA:1,(anonymous_1)
FNDA:6,SingleMultipleAnswerQuestion
DA:2,1
DA:3,1
DA:4,1
DA:5,6
DA:7,1
DA:9,1
LF:6
LH:6
BRF:0
BRH:0
end_of_record
TN:
SF:C:\Users\asif\Desktop\Trappist\trappist\Trappist\src\Promact.Trappist.Web\wwwroot\app\questions\code.snippet.model.js
FN:3,(anonymous_1)
FN:4,CodeSnippetQuestion
FNF:2
FNH:2
FNDA:1,(anonymous_1)
FNDA:6,CodeSnippetQuestion
DA:2,1
DA:3,1
DA:4,1
DA:5,6
DA:6,6
DA:8,1
DA:10,1
LF:7
LH:7
BRF:0
BRH:0
end_of_record
TN:
SF:C:\Users\asif\Desktop\Trappist\trappist\Trappist\src\Promact.Trappist.Web\wwwroot\app\questions\single-multiple-answer-question-option.model.js
FN:3,(anonymous_1)
FN:4,SingleMultipleAnswerQuestionOption
FNF:2
FNH:2
FNDA:1,(anonymous_1)
FNDA:9,SingleMultipleAnswerQuestionOption
DA:2,1
DA:3,1
DA:4,1
DA:5,9
DA:7,1
DA:9,1
LF:6
LH:6
BRF:0
BRH:0
end_of_record
TN:
SF:C:\Users\asif\Desktop\Trappist\trappist\Trappist\src\Promact.Trappist.Web\wwwroot\app\tests\tests-dashboard\tests-dashboard.component.js
FN:2,(anonymous_1)
FN:8,(anonymous_2)
FN:20,(anonymous_3)
FN:21,TestsDashboardComponent
FN:28,(anonymous_5)
FN:33,(anonymous_6)
FN:35,(anonymous_7)
FN:42,(anonymous_8)
FN:45,(anonymous_9)
FN:54,(anonymous_10)
FN:57,(anonymous_11)
FN:69,(anonymous_12)
FN:74,(anonymous_13)
FN:87,(anonymous_14)
FN:88,(anonymous_15)
FN:96,(anonymous_16)
FN:99,(anonymous_17)
FN:110,(anonymous_18)
FN:112,(anonymous_19)
FNF:19
FNH:10
FNDA:1,(anonymous_1)
FNDA:1,(anonymous_2)
FNDA:1,(anonymous_3)
FNDA:2,TestsDashboardComponent
FNDA:0,(anonymous_5)
FNDA:1,(anonymous_6)
FNDA:1,(anonymous_7)
FNDA:1,(anonymous_8)
FNDA:1,(anonymous_9)
FNDA:0,(anonymous_10)
FNDA:0,(anonymous_11)
FNDA:0,(anonymous_12)
FNDA:0,(anonymous_13)
FNDA:1,(anonymous_14)
FNDA:2,(anonymous_15)
FNDA:0,(anonymous_16)
FNDA:0,(anonymous_17)
FNDA:0,(anonymous_18)
FNDA:0,(anonymous_19)
DA:2,1
DA:3,1
DA:4,1
DA:5,0
DA:6,1
DA:8,1
DA:9,1
DA:11,1
DA:12,1
DA:13,1
DA:14,1
DA:15,1
DA:16,1
DA:17,1
DA:18,1
DA:19,1
DA:20,1
DA:21,1
DA:22,2
DA:23,2
DA:24,2
DA:25,2
DA:26,2
DA:28,1
DA:29,0
DA:30,0
DA:33,1
DA:34,1
DA:35,1
DA:36,1
DA:37,1
DA:38,1
DA:42,1
DA:43,1
DA:44,1
DA:45,1
DA:46,1
DA:47,1
DA:54,1
DA:55,0
DA:57,0
DA:58,0
DA:59,0
DA:60,0
DA:61,0
DA:62,0
DA:69,1
DA:70,0
DA:71,0
DA:72,0
DA:73,0
DA:74,0
DA:75,0
DA:76,0
DA:77,0
DA:79,0
DA:81,0
DA:82,0
DA:87,1
DA:88,1
DA:89,2
DA:96,1
DA:97,0
DA:99,0
DA:100,0
DA:101,0
DA:110,1
DA:111,0
DA:112,0
DA:113,0
DA:116,1
DA:118,1
DA:126,1
LF:73
LH:45
BRDA:2,1,0,1
BRDA:2,1,1,1
BRDA:2,1,2,1
BRDA:3,2,0,1
BRDA:3,2,1,0
BRDA:3,3,0,0
BRDA:3,3,1,0
BRDA:4,4,0,1
BRDA:4,4,1,0
BRDA:4,5,0,1
BRDA:4,5,1,1
BRDA:5,6,0,0
BRDA:5,6,1,0
BRDA:5,7,0,0
BRDA:5,7,1,0
BRDA:5,8,0,0
BRDA:5,8,1,0
BRDA:5,9,0,0
BRDA:5,9,1,0
BRDA:6,10,0,1
BRDA:6,10,1,0
BRDA:6,10,2,0
BRDA:8,11,0,1
BRDA:8,11,1,1
BRDA:8,11,2,1
BRDA:9,12,0,1
BRDA:9,12,1,0
BRDA:9,13,0,1
BRDA:9,13,1,1
BRDA:46,14,0,1
BRDA:46,14,1,0
BRDA:58,15,0,0
BRDA:58,15,1,0
BRDA:76,16,0,0
BRDA:76,16,1,0
BRDA:100,17,0,0
BRDA:100,17,1,0
BRF:37
BRH:15
end_of_record
TN:
SF:C:\Users\asif\Desktop\Trappist\trappist\Trappist\src\Promact.Trappist.Web\wwwroot\app\tests\tests-dashboard\delete-test-dialog.component.js
FN:2,(anonymous_1)
FN:8,(anonymous_2)
FN:16,(anonymous_3)
FN:17,DeleteTestDialogComponent
FN:29,(anonymous_5)
FN:31,(anonymous_6)
FN:39,(anonymous_7)
FNF:7
FNH:3
FNDA:1,(anonymous_1)
FNDA:1,(anonymous_2)
FNDA:1,(anonymous_3)
FNDA:0,DeleteTestDialogComponent
FNDA:0,(anonymous_5)
FNDA:0,(anonymous_6)
FNDA:0,(anonymous_7)
DA:2,1
DA:3,1
DA:4,1
DA:5,0
DA:6,1
DA:8,1
DA:9,1
DA:11,1
DA:12,1
DA:13,1
DA:14,1
DA:15,1
DA:16,1
DA:17,1
DA:18,0
DA:19,0
DA:20,0
DA:21,0
DA:22,0
DA:23,0
DA:24,0
DA:29,1
DA:30,0
DA:31,0
DA:32,0
DA:33,0
DA:34,0
DA:37,0
DA:38,0
DA:40,0
DA:45,1
DA:47,1
DA:55,1
LF:33
LH:17
BRDA:2,1,0,1
BRDA:2,1,1,1
BRDA:2,1,2,1
BRDA:3,2,0,1
BRDA:3,2,1,0
BRDA:3,3,0,0
BRDA:3,3,1,0
BRDA:4,4,0,1
BRDA:4,4,1,0
BRDA:4,5,0,1
BRDA:4,5,1,1
BRDA:5,6,0,0
BRDA:5,6,1,0
BRDA:5,7,0,0
BRDA:5,7,1,0
BRDA:5,8,0,0
BRDA:5,8,1,0
BRDA:5,9,0,0
BRDA:5,9,1,0
BRDA:6,10,0,1
BRDA:6,10,1,0
BRDA:6,10,2,0
BRDA:8,11,0,1
BRDA:8,11,1,1
BRDA:8,11,2,1
BRDA:9,12,0,1
BRDA:9,12,1,0
BRDA:9,13,0,1
BRDA:9,13,1,1
BRDA:37,14,0,0
BRDA:37,14,1,0
BRF:31
BRH:14
end_of_record
TN:
SF:C:\Users\asif\Desktop\Trappist\trappist\Trappist\src\Promact.Trappist.Web\wwwroot\app\tests\tests.service.js
FN:2,(anonymous_1)
FN:8,(anonymous_2)
FN:15,(anonymous_3)
FN:16,TestService
FN:25,(anonymous_5)
FN:33,(anonymous_6)
FN:40,(anonymous_7)
FN:48,(anonymous_8)
FN:56,(anonymous_9)
FN:63,(anonymous_10)
FN:71,(anonymous_11)
FN:78,(anonymous_12)
FN:85,(anonymous_13)
FN:88,(anonymous_14)
FN:95,(anonymous_15)
FN:103,(anonymous_16)
FN:111,(anonymous_17)
FN:119,(anonymous_18)
FN:126,(anonymous_19)
FN:134,(anonymous_20)
FN:141,(anonymous_21)
FNF:21
FNH:4
FNDA:1,(anonymous_1)
FNDA:1,(anonymous_2)
FNDA:1,(anonymous_3)
FNDA:18,TestService
FNDA:0,(anonymous_5)
FNDA:0,(anonymous_6)
FNDA:0,(anonymous_7)
FNDA:0,(anonymous_8)
FNDA:0,(anonymous_9)
FNDA:0,(anonymous_10)
FNDA:0,(anonymous_11)
FNDA:0,(anonymous_12)
FNDA:0,(anonymous_13)
FNDA:0,(anonymous_14)
FNDA:0,(anonymous_15)
FNDA:0,(anonymous_16)
FNDA:0,(anonymous_17)
FNDA:0,(anonymous_18)
FNDA:0,(anonymous_19)
FNDA:0,(anonymous_20)
FNDA:0,(anonymous_21)
DA:2,1
DA:3,1
DA:4,1
DA:5,0
DA:6,1
DA:8,1
DA:9,1
DA:11,1
DA:12,1
DA:13,1
DA:14,1
DA:15,1
DA:16,1
DA:17,18
DA:18,18
DA:19,18
DA:20,18
DA:25,1
DA:26,0
DA:33,1
DA:34,0
DA:40,1
DA:41,0
DA:48,1
DA:49,0
DA:56,1
DA:57,0
DA:63,1
DA:64,0
DA:71,1
DA:72,0
DA:78,1
DA:79,0
DA:85,1
DA:86,0
DA:88,1
DA:89,0
DA:95,1
DA:96,0
DA:103,1
DA:104,0
DA:111,1
DA:112,0
DA:119,1
DA:120,0
DA:126,1
DA:127,0
DA:134,1
DA:135,0
DA:141,1
DA:142,0
DA:144,1
DA:146,1
DA:150,1
LF:54
LH:36
BRDA:2,1,0,1
BRDA:2,1,1,1
BRDA:2,1,2,1
BRDA:3,2,0,1
BRDA:3,2,1,0
BRDA:3,3,0,0
BRDA:3,3,1,0
BRDA:4,4,0,1
BRDA:4,4,1,0
BRDA:4,5,0,1
BRDA:4,5,1,1
BRDA:5,6,0,0
BRDA:5,6,1,0
BRDA:5,7,0,0
BRDA:5,7,1,0
BRDA:5,8,0,0
BRDA:5,8,1,0
BRDA:5,9,0,0
BRDA:5,9,1,0
BRDA:6,10,0,1
BRDA:6,10,1,0
BRDA:6,10,2,0
BRDA:8,11,0,1
BRDA:8,11,1,1
BRDA:8,11,2,1
BRDA:9,12,0,1
BRDA:9,12,1,0
BRDA:9,13,0,1
BRDA:9,13,1,1
BRF:29
BRH:14
end_of_record
TN:
SF:C:\Users\asif\Desktop\Trappist\trappist\Trappist\src\Promact.Trappist.Web\wwwroot\app\tests\tests-dashboard\test-create-dialog.component.js
FN:2,(anonymous_1)
FN:8,(anonymous_2)
FN:17,(anonymous_3)
FN:18,TestCreateDialogComponent
FN:30,(anonymous_5)
FN:36,(anonymous_6)
FN:40,(anonymous_7)
FN:44,(anonymous_8)
FN:51,(anonymous_9)
FN:64,(anonymous_10)
FN:71,(anonymous_11)
FN:80,(anonymous_12)
FNF:12
FNH:9
FNDA:1,(anonymous_1)
FNDA:1,(anonymous_2)
FNDA:1,(anonymous_3)
FNDA:3,TestCreateDialogComponent
FNDA:2,(anonymous_5)
FNDA:2,(anonymous_6)
FNDA:1,(anonymous_7)
FNDA:1,(anonymous_8)
FNDA:0,(anonymous_9)
FNDA:0,(anonymous_10)
FNDA:1,(anonymous_11)
FNDA:0,(anonymous_12)
DA:2,1
DA:3,1
DA:4,1
DA:5,0
DA:6,1
DA:8,1
DA:9,1
DA:11,1
DA:12,1
DA:13,1
DA:14,1
DA:15,1
DA:16,1
DA:17,1
DA:18,1
DA:19,3
DA:20,3
DA:21,3
DA:22,3
DA:23,3
DA:24,3
DA:30,1
DA:31,2
DA:32,2
DA:33,2
DA:34,2
DA:35,2
DA:36,2
DA:37,2
DA:38,2
DA:39,2
DA:40,2
DA:41,1
DA:42,1
DA:43,1
DA:45,1
DA:46,1
DA:50,0
DA:52,0
DA:53,0
DA:57,0
DA:58,0
DA:64,1
DA:65,0
DA:66,0
DA:71,1
DA:72,1
DA:80,1
DA:81,0
DA:82,0
DA:84,1
DA:86,1
DA:94,1
LF:53
LH:43
BRDA:2,1,0,1
BRDA:2,1,1,1
BRDA:2,1,2,1
BRDA:3,2,0,1
BRDA:3,2,1,0
BRDA:3,3,0,0
BRDA:3,3,1,0
BRDA:4,4,0,1
BRDA:4,4,1,0
BRDA:4,5,0,1
BRDA:4,5,1,1
BRDA:5,6,0,0
BRDA:5,6,1,0
BRDA:5,7,0,0
BRDA:5,7,1,0
BRDA:5,8,0,0
BRDA:5,8,1,0
BRDA:5,9,0,0
BRDA:5,9,1,0
BRDA:6,10,0,1
BRDA:6,10,1,0
BRDA:6,10,2,0
BRDA:8,11,0,1
BRDA:8,11,1,1
BRDA:8,11,2,1
BRDA:9,12,0,1
BRDA:9,12,1,0
BRDA:9,13,0,1
BRDA:9,13,1,1
BRDA:35,14,0,2
BRDA:35,14,1,0
BRDA:38,15,0,2
BRDA:38,15,1,0
BRDA:81,16,0,0
BRDA:81,16,1,0
BRDA:81,17,0,0
BRDA:81,17,1,0
BRF:37
BRH:16
end_of_record
TN:
SF:C:\Users\asif\Desktop\Trappist\trappist\Trappist\src\Promact.Trappist.Web\wwwroot\app\tests\tests-dashboard\duplicate-test-dialog.component.js
FN:2,(anonymous_1)
FN:8,(anonymous_2)
FN:16,(anonymous_3)
FN:17,DuplicateTestDialogComponent
FN:28,(anonymous_5)
FN:36,(anonymous_6)
FN:38,(anonymous_7)
FN:46,(anonymous_8)
FN:54,(anonymous_9)
FN:59,(anonymous_10)
FNF:10
FNH:3
FNDA:1,(anonymous_1)
FNDA:1,(anonymous_2)
FNDA:1,(anonymous_3)
FNDA:0,DuplicateTestDialogComponent
FNDA:0,(anonymous_5)
FNDA:0,(anonymous_6)
FNDA:0,(anonymous_7)
FNDA:0,(anonymous_8)
FNDA:0,(anonymous_9)
FNDA:0,(anonymous_10)
DA:2,1
DA:3,1
DA:4,1
DA:5,0
DA:6,1
DA:8,1
DA:9,1
DA:11,1
DA:12,1
DA:13,1
DA:14,1
DA:15,1
DA:16,1
DA:17,1
DA:18,0
DA:19,0
DA:20,0
DA:21,0
DA:22,0
DA:23,0
DA:28,1
DA:29,0
DA:30,0
DA:31,0
DA:32,0
DA:33,0
DA:34,0
DA:36,0
DA:37,0
DA:38,0
DA:39,0
DA:40,0
DA:41,0
DA:44,0
DA:45,0
DA:47,0
DA:51,0
DA:52,0
DA:55,0
DA:59,1
DA:60,0
DA:62,1
DA:64,1
DA:72,1
LF:44
LH:18
BRDA:2,1,0,1
BRDA:2,1,1,1
BRDA:2,1,2,1
BRDA:3,2,0,1
BRDA:3,2,1,0
BRDA:3,3,0,0
BRDA:3,3,1,0
BRDA:4,4,0,1
BRDA:4,4,1,0
BRDA:4,5,0,1
BRDA:4,5,1,1
BRDA:5,6,0,0
BRDA:5,6,1,0
BRDA:5,7,0,0
BRDA:5,7,1,0
BRDA:5,8,0,0
BRDA:5,8,1,0
BRDA:5,9,0,0
BRDA:5,9,1,0
BRDA:6,10,0,1
BRDA:6,10,1,0
BRDA:6,10,2,0
BRDA:8,11,0,1
BRDA:8,11,1,1
BRDA:8,11,2,1
BRDA:9,12,0,1
BRDA:9,12,1,0
BRDA:9,13,0,1
BRDA:9,13,1,1
BRDA:37,14,0,0
BRDA:37,14,1,0
BRF:31
BRH:14
end_of_record
TN:
SF:C:\Users\asif\Desktop\Trappist\trappist\Trappist\src\Promact.Trappist.Web\wwwroot\app\tests\test-questions\test-questions.component.js
FN:2,(anonymous_1)
FN:8,(anonymous_2)
FN:20,(anonymous_3)
FN:21,TestQuestionsComponent
FN:39,(anonymous_5)
FN:44,(anonymous_6)
FN:48,(anonymous_7)
FN:58,(anonymous_8)
FN:65,(anonymous_9)
FN:69,(anonymous_10)
FN:72,(anonymous_11)
FN:93,(anonymous_12)
FN:101,(anonymous_13)
FN:104,(anonymous_14)
FN:106,(anonymous_15)
FN:106,(anonymous_16)
FN:108,(anonymous_17)
FN:112,(anonymous_18)
FN:123,(anonymous_19)
FN:125,(anonymous_20)
FN:141,(anonymous_21)
FN:151,(anonymous_22)
FN:160,(anonymous_23)
FN:172,(anonymous_24)
FN:185,(anonymous_25)
FN:186,(anonymous_26)
FN:203,(anonymous_27)
FN:213,(anonymous_28)
FN:215,(anonymous_29)
FN:223,(anonymous_30)
FN:232,(anonymous_31)
FN:233,(anonymous_32)
FN:240,(anonymous_33)
FN:243,(anonymous_34)
FN:249,(anonymous_35)
FN:263,(anonymous_36)
FN:269,(anonymous_37)
FN:274,(anonymous_38)
FNF:38
FNH:22
FNDA:1,(anonymous_1)
FNDA:1,(anonymous_2)
FNDA:1,(anonymous_3)
FNDA:6,TestQuestionsComponent
FNDA:6,(anonymous_5)
FNDA:0,(anonymous_6)
FNDA:2,(anonymous_7)
FNDA:2,(anonymous_8)
FNDA:2,(anonymous_9)
FNDA:2,(anonymous_10)
FNDA:2,(anonymous_11)
FNDA:0,(anonymous_12)
FNDA:5,(anonymous_13)
FNDA:4,(anonymous_14)
FNDA:4,(anonymous_15)
FNDA:8,(anonymous_16)
FNDA:4,(anonymous_17)
FNDA:1,(anonymous_18)
FNDA:1,(anonymous_19)
FNDA:1,(anonymous_20)
FNDA:2,(anonymous_21)
FNDA:2,(anonymous_22)
FNDA:1,(anonymous_23)
FNDA:0,(anonymous_24)
FNDA:0,(anonymous_25)
FNDA:0,(anonymous_26)
FNDA:1,(anonymous_27)
FNDA:0,(anonymous_28)
FNDA:0,(anonymous_29)
FNDA:0,(anonymous_30)
FNDA:0,(anonymous_31)
FNDA:0,(anonymous_32)
FNDA:0,(anonymous_33)
FNDA:0,(anonymous_34)
FNDA:0,(anonymous_35)
FNDA:0,(anonymous_36)
FNDA:0,(anonymous_37)
FNDA:0,(anonymous_38)
DA:2,1
DA:3,1
DA:4,1
DA:5,0
DA:6,1
DA:8,1
DA:9,1
DA:11,1
DA:12,1
DA:13,1
DA:14,1
DA:15,1
DA:16,1
DA:17,1
DA:18,1
DA:19,1
DA:20,1
DA:21,1
DA:22,6
DA:23,6
DA:24,6
DA:25,6
DA:26,6
DA:27,6
DA:28,6
DA:29,6
DA:30,6
DA:31,6
DA:32,6
DA:33,6
DA:34,6
DA:35,6
DA:36,6
DA:37,6
DA:38,6
DA:39,6
DA:40,6
DA:41,6
DA:44,1
DA:45,0
DA:46,0
DA:48,1
DA:49,2
DA:58,1
DA:59,2
DA:60,2
DA:61,2
DA:62,2
DA:63,2
DA:64,2
DA:65,2
DA:66,2
DA:67,2
DA:68,2
DA:69,2
DA:70,2
DA:72,2
DA:73,2
DA:75,2
DA:76,2
DA:80,0
DA:81,0
DA:85,0
DA:86,0
DA:93,1
DA:94,0
DA:95,0
DA:101,1
DA:102,5
DA:103,5
DA:104,5
DA:105,4
DA:106,8
DA:107,4
DA:108,4
DA:109,4
DA:111,4
DA:113,1
DA:114,1
DA:115,1
DA:123,1
DA:124,1
DA:125,1
DA:126,1
DA:128,1
DA:129,1
DA:130,1
DA:133,0
DA:134,0
DA:135,0
DA:141,1
DA:142,2
DA:143,2
DA:144,2
DA:146,2
DA:147,4
DA:149,4
DA:151,2
DA:152,2
DA:153,2
DA:154,2
DA:155,2
DA:156,2
DA:159,2
DA:160,1
DA:161,1
DA:162,1
DA:163,1
DA:164,0
DA:165,0
DA:168,1
DA:169,1
DA:173,0
DA:174,0
DA:178,1
DA:185,1
DA:186,0
DA:188,0
DA:190,0
DA:191,0
DA:195,0
DA:196,0
DA:203,1
DA:204,1
DA:205,1
DA:206,0
DA:208,1
DA:213,1
DA:214,0
DA:215,0
DA:216,0
DA:223,1
DA:224,0
DA:225,0
DA:232,1
DA:233,0
DA:234,0
DA:235,0
DA:236,0
DA:237,0
DA:240,0
DA:241,0
DA:243,0
DA:249,1
DA:250,0
DA:251,0
DA:252,0
DA:253,0
DA:255,0
DA:256,0
DA:263,1
DA:264,0
DA:265,0
DA:269,0
DA:270,0
DA:271,0
DA:272,0
DA:274,0
DA:275,0
DA:279,1
DA:281,1
DA:289,1
LF:162
LH:112
BRDA:2,1,0,1
BRDA:2,1,1,1
BRDA:2,1,2,1
BRDA:3,2,0,1
BRDA:3,2,1,0
BRDA:3,3,0,0
BRDA:3,3,1,0
BRDA:4,4,0,1
BRDA:4,4,1,0
BRDA:4,5,0,1
BRDA:4,5,1,1
BRDA:5,6,0,0
BRDA:5,6,1,0
BRDA:5,7,0,0
BRDA:5,7,1,0
BRDA:5,8,0,0
BRDA:5,8,1,0
BRDA:5,9,0,0
BRDA:5,9,1,0
BRDA:6,10,0,1
BRDA:6,10,1,0
BRDA:6,10,2,0
BRDA:8,11,0,1
BRDA:8,11,1,1
BRDA:8,11,2,1
BRDA:9,12,0,1
BRDA:9,12,1,0
BRDA:9,13,0,1
BRDA:9,13,1,1
BRDA:61,14,0,2
BRDA:61,14,1,0
BRDA:63,15,0,2
BRDA:63,15,1,0
BRDA:94,16,0,0
BRDA:94,16,1,0
BRDA:106,17,0,4
BRDA:106,17,1,4
BRDA:106,17,2,4
BRDA:124,18,0,1
BRDA:124,18,1,0
BRDA:128,19,0,1
BRDA:128,19,1,0
BRDA:149,20,0,2
BRDA:149,20,1,2
BRDA:149,21,0,4
BRDA:149,21,1,2
BRDA:159,22,0,1
BRDA:159,22,1,1
BRDA:161,23,0,1
BRDA:161,23,1,0
BRDA:163,24,0,0
BRDA:163,24,1,1
BRDA:188,25,0,0
BRDA:188,25,1,0
BRDA:205,26,0,0
BRDA:205,26,1,1
BRDA:236,27,0,0
BRDA:236,27,1,0
BRDA:271,28,0,0
BRDA:271,28,1,0
BRF:60
BRH:30
end_of_record
TN:
SF:C:\Users\asif\Desktop\Trappist\trappist\Trappist\src\Promact.Trappist.Web\wwwroot\app\tests\test-settings\test-launch-dialog.component.js
FN:2,(anonymous_1)
FN:8,(anonymous_2)
FN:11,(anonymous_3)
FN:12,(anonymous_4)
FN:17,(anonymous_5)
FN:18,RandomQuestionSelectionDialogComponent
FN:23,(anonymous_7)
FN:28,(anonymous_8)
FNF:8
FNH:5
FNDA:1,(anonymous_1)
FNDA:1,(anonymous_2)
FNDA:1,(anonymous_3)
FNDA:1,(anonymous_4)
FNDA:1,(anonymous_5)
FNDA:0,RandomQuestionSelectionDialogComponent
FNDA:0,(anonymous_7)
FNDA:0,(anonymous_8)
DA:2,1
DA:3,1
DA:4,1
DA:5,0
DA:6,1
DA:8,1
DA:9,1
DA:11,1
DA:12,1
DA:14,1
DA:15,1
DA:16,1
DA:17,1
DA:18,1
DA:19,0
DA:20,0
DA:21,0
DA:23,1
DA:28,1
DA:29,0
DA:30,0
DA:32,1
DA:34,1
DA:43,1
LF:24
LH:18
BRDA:2,1,0,1
BRDA:2,1,1,1
BRDA:2,1,2,1
BRDA:3,2,0,1
BRDA:3,2,1,0
BRDA:3,3,0,0
BRDA:3,3,1,0
BRDA:4,4,0,1
BRDA:4,4,1,0
BRDA:4,5,0,1
BRDA:4,5,1,1
BRDA:5,6,0,0
BRDA:5,6,1,0
BRDA:5,7,0,0
BRDA:5,7,1,0
BRDA:5,8,0,0
BRDA:5,8,1,0
BRDA:5,9,0,0
BRDA:5,9,1,0
BRDA:6,10,0,1
BRDA:6,10,1,0
BRDA:6,10,2,0
BRDA:8,11,0,1
BRDA:8,11,1,1
BRDA:8,11,2,1
BRDA:9,12,0,1
BRDA:9,12,1,0
BRDA:9,13,0,1
BRDA:9,13,1,1
BRDA:11,14,0,1
BRDA:11,14,1,1
BRDA:11,14,2,1
BRF:32
BRH:17
end_of_record
TN:
SF:C:\Users\asif\Desktop\Trappist\trappist\Trappist\src\Promact.Trappist.Web\wwwroot\app\tests\tests-dashboard\test-dashboard.pipe.js
FN:2,(anonymous_1)
FN:10,(anonymous_2)
FN:11,FilterPipe
FN:13,(anonymous_4)
FN:16,(anonymous_5)
FNF:5
FNH:3
FNDA:1,(anonymous_1)
FNDA:1,(anonymous_2)
FNDA:2,FilterPipe
FNDA:0,(anonymous_4)
FNDA:0,(anonymous_5)
DA:2,1
DA:3,1
DA:4,1
DA:5,0
DA:6,1
DA:8,1
DA:9,1
DA:10,1
DA:11,1
DA:13,1
DA:14,0
DA:15,0
DA:16,0
DA:17,0
DA:18,0
DA:19,0
DA:20,0
DA:22,0
DA:25,1
DA:27,1
DA:32,1
LF:21
LH:12
BRDA:2,1,0,1
BRDA:2,1,1,1
BRDA:2,1,2,1
BRDA:3,2,0,1
BRDA:3,2,1,0
BRDA:3,3,0,0
BRDA:3,3,1,0
BRDA:4,4,0,1
BRDA:4,4,1,0
BRDA:4,5,0,1
BRDA:4,5,1,1
BRDA:5,6,0,0
BRDA:5,6,1,0
BRDA:5,7,0,0
BRDA:5,7,1,0
BRDA:5,8,0,0
BRDA:5,8,1,0
BRDA:5,9,0,0
BRDA:5,9,1,0
BRDA:6,10,0,1
BRDA:6,10,1,0
BRDA:6,10,2,0
BRDA:14,11,0,0
BRDA:14,11,1,0
BRDA:14,12,0,0
BRDA:14,12,1,0
BRDA:19,13,0,0
BRDA:19,13,1,0
BRDA:22,14,0,0
BRDA:22,14,1,0
BRF:30
BRH:8
end_of_record
TN:
SF:C:\Users\asif\Desktop\Trappist\trappist\Trappist\src\Promact.Trappist.Web\wwwroot\app\tests\shared\create-test-footer\create-test-footer.component.js
FN:2,(anonymous_1)
FN:8,(anonymous_2)
FN:18,(anonymous_3)
FN:19,CreateTestFooterComponent
FN:38,(anonymous_5)
FN:45,(anonymous_6)
FN:53,(anonymous_7)
FN:59,(anonymous_8)
FN:66,(anonymous_9)
FN:72,(anonymous_10)
FN:75,(anonymous_11)
FN:78,(anonymous_12)
FN:81,(anonymous_13)
FN:85,(anonymous_14)
FNF:14
FNH:4
FNDA:18,(anonymous_1)
FNDA:18,(anonymous_2)
FNDA:1,(anonymous_3)
FNDA:12,CreateTestFooterComponent
FNDA:0,(anonymous_5)
FNDA:0,(anonymous_6)
FNDA:0,(anonymous_7)
FNDA:0,(anonymous_8)
FNDA:0,(anonymous_9)
FNDA:0,(anonymous_10)
FNDA:0,(anonymous_11)
FNDA:0,(anonymous_12)
FNDA:0,(anonymous_13)
FNDA:0,(anonymous_14)
DA:2,1
DA:3,18
DA:4,18
DA:5,0
DA:6,18
DA:8,1
DA:9,18
DA:11,1
DA:12,1
DA:13,1
DA:14,1
DA:15,1
DA:16,1
DA:17,1
DA:18,1
DA:19,1
DA:20,12
DA:21,12
DA:22,12
DA:23,12
DA:24,12
DA:25,12
DA:26,12
DA:27,12
DA:28,12
DA:29,12
DA:30,12
DA:31,12
DA:32,12
DA:33,12
DA:38,1
DA:39,0
DA:40,0
DA:45,1
DA:46,0
DA:47,0
DA:48,0
DA:53,1
DA:54,0
DA:59,1
DA:60,0
DA:61,0
DA:66,1
DA:67,0
DA:72,1
DA:73,0
DA:75,1
DA:76,0
DA:78,1
DA:79,0
DA:81,1
DA:82,0
DA:83,0
DA:85,1
DA:86,0
DA:87,0
DA:89,1
DA:91,1
DA:95,1
DA:99,1
DA:103,1
DA:107,1
DA:111,1
DA:115,1
DA:119,1
DA:123,1
DA:127,1
DA:131,1
DA:135,1
DA:139,1
DA:143,1
DA:147,1
DA:151,1
DA:155,1
DA:159,1
DA:167,1
LF:76
LH:59
BRDA:2,1,0,1
BRDA:2,1,1,1
BRDA:2,1,2,1
BRDA:3,2,0,1
BRDA:3,2,1,17
BRDA:3,3,0,0
BRDA:3,3,1,17
BRDA:4,4,0,18
BRDA:4,4,1,0
BRDA:4,5,0,18
BRDA:4,5,1,18
BRDA:5,6,0,0
BRDA:5,6,1,0
BRDA:5,7,0,0
BRDA:5,7,1,0
BRDA:5,8,0,0
BRDA:5,8,1,0
BRDA:5,9,0,0
BRDA:5,9,1,0
BRDA:6,10,0,18
BRDA:6,10,1,17
BRDA:6,10,2,0
BRDA:8,11,0,1
BRDA:8,11,1,1
BRDA:8,11,2,1
BRDA:9,12,0,18
BRDA:9,12,1,0
BRDA:9,13,0,18
BRDA:9,13,1,18
BRDA:46,14,0,0
BRDA:46,14,1,0
BRDA:47,15,0,0
BRDA:47,15,1,0
BRDA:48,16,0,0
BRDA:48,16,1,0
BRF:35
BRH:17
end_of_record
TN:
SF:C:\Users\asif\Desktop\Trappist\trappist\Trappist\src\Promact.Trappist.Web\wwwroot\app\tests\shared\create-test-header\create-test-header.component.js
FN:2,(anonymous_1)
FN:8,(anonymous_2)
FN:18,(anonymous_3)
FN:19,CreateTestHeaderComponent
FN:34,(anonymous_5)
FN:40,(anonymous_6)
FN:49,(anonymous_7)
FN:58,(anonymous_8)
FN:64,(anonymous_9)
FN:70,(anonymous_10)
FN:80,(anonymous_11)
FN:102,(anonymous_12)
FN:107,(anonymous_13)
FN:111,(anonymous_14)
FN:117,(anonymous_15)
FN:135,(anonymous_16)
FN:142,(anonymous_17)
FN:151,(anonymous_18)
FN:153,(anonymous_19)
FN:161,(anonymous_20)
FNF:20
FNH:4
FNDA:4,(anonymous_1)
FNDA:4,(anonymous_2)
FNDA:1,(anonymous_3)
FNDA:12,CreateTestHeaderComponent
FNDA:0,(anonymous_5)
FNDA:0,(anonymous_6)
FNDA:0,(anonymous_7)
FNDA:0,(anonymous_8)
FNDA:0,(anonymous_9)
FNDA:0,(anonymous_10)
FNDA:0,(anonymous_11)
FNDA:0,(anonymous_12)
FNDA:0,(anonymous_13)
FNDA:0,(anonymous_14)
FNDA:0,(anonymous_15)
FNDA:0,(anonymous_16)
FNDA:0,(anonymous_17)
FNDA:0,(anonymous_18)
FNDA:0,(anonymous_19)
FNDA:0,(anonymous_20)
DA:2,1
DA:3,4
DA:4,4
DA:5,0
DA:6,4
DA:8,1
DA:9,4
DA:11,1
DA:12,1
DA:13,1
DA:14,1
DA:15,1
DA:16,1
DA:17,1
DA:18,1
DA:19,1
DA:20,12
DA:21,12
DA:22,12
DA:23,12
DA:24,12
DA:25,12
DA:26,12
DA:27,12
DA:28,12
DA:29,12
DA:34,1
DA:35,0
DA:40,1
DA:41,0
DA:42,0
DA:43,0
DA:49,1
DA:50,0
DA:58,1
DA:59,0
DA:64,1
DA:65,0
DA:66,0
DA:67,0
DA:70,1
DA:71,0
DA:72,0
DA:74,0
DA:80,1
DA:81,0
DA:82,0
DA:83,0
DA:85,0
DA:86,0
DA:87,0
DA:88,0
DA:89,0
DA:90,0
DA:92,0
DA:93,0
DA:95,0
DA:102,1
DA:103,0
DA:104,0
DA:105,0
DA:106,0
DA:107,0
DA:108,0
DA:109,0
DA:110,0
DA:111,0
DA:112,0
DA:113,0
DA:114,0
DA:115,0
DA:116,0
DA:118,0
DA:119,0
DA:123,0
DA:124,0
DA:129,0
DA:135,1
DA:136,0
DA:137,0
DA:142,1
DA:143,0
DA:144,0
DA:151,1
DA:152,0
DA:153,0
DA:154,0
DA:156,0
DA:161,1
DA:162,0
DA:164,1
DA:166,1
DA:170,1
DA:174,1
DA:178,1
DA:186,1
LF:96
LH:43
BRDA:2,1,0,1
BRDA:2,1,1,1
BRDA:2,1,2,1
BRDA:3,2,0,1
BRDA:3,2,1,3
BRDA:3,3,0,0
BRDA:3,3,1,3
BRDA:4,4,0,4
BRDA:4,4,1,0
BRDA:4,5,0,4
BRDA:4,5,1,4
BRDA:5,6,0,0
BRDA:5,6,1,0
BRDA:5,7,0,0
BRDA:5,7,1,0
BRDA:5,8,0,0
BRDA:5,8,1,0
BRDA:5,9,0,0
BRDA:5,9,1,0
BRDA:6,10,0,4
BRDA:6,10,1,3
BRDA:6,10,2,0
BRDA:8,11,0,1
BRDA:8,11,1,1
BRDA:8,11,2,1
BRDA:9,12,0,4
BRDA:9,12,1,0
BRDA:9,13,0,4
BRDA:9,13,1,4
BRDA:66,14,0,0
BRDA:66,14,1,0
BRDA:71,15,0,0
BRDA:71,15,1,0
BRDA:82,16,0,0
BRDA:82,16,1,0
BRDA:86,17,0,0
BRDA:86,17,1,0
BRDA:86,18,0,0
BRDA:86,18,1,0
BRDA:86,18,2,0
BRDA:87,19,0,0
BRDA:87,19,1,0
BRDA:92,20,0,0
BRDA:92,20,1,0
BRDA:106,21,0,0
BRDA:106,21,1,0
BRDA:109,22,0,0
BRDA:109,22,1,0
BRDA:136,23,0,0
BRDA:136,23,1,0
BRDA:136,24,0,0
BRDA:136,24,1,0
BRF:52
BRH:17
end_of_record
TN:
SF:C:\Users\asif\Desktop\Trappist\trappist\Trappist\src\Promact.Trappist.Web\wwwroot\app\tests\test-sections\deselect-category.component.js
FN:2,(anonymous_1)
FN:8,(anonymous_2)
FN:11,(anonymous_3)
FN:12,(anonymous_4)
FN:18,(anonymous_5)
FN:19,DeselectCategoryComponent
FN:28,(anonymous_7)
FN:30,(anonymous_8)
FN:32,(anonymous_9)
FN:40,(anonymous_10)
FNF:10
FNH:10
FNDA:1,(anonymous_1)
FNDA:1,(anonymous_2)
FNDA:1,(anonymous_3)
FNDA:1,(anonymous_4)
FNDA:1,(anonymous_5)
FNDA:3,DeselectCategoryComponent
FNDA:2,(anonymous_7)
FNDA:1,(anonymous_8)
FNDA:1,(anonymous_9)
FNDA:1,(anonymous_10)
DA:2,1
DA:3,1
DA:4,1
DA:5,0
DA:6,1
DA:8,1
DA:9,1
DA:11,1
DA:12,1
DA:14,1
DA:15,1
DA:16,1
DA:17,1
DA:18,1
DA:19,1
DA:20,3
DA:21,3
DA:22,3
DA:23,3
DA:28,1
DA:29,2
DA:30,2
DA:31,1
DA:33,1
DA:34,1
DA:40,1
DA:41,1
DA:45,1
DA:47,1
DA:56,1
LF:30
LH:29
BRDA:2,1,0,1
BRDA:2,1,1,1
BRDA:2,1,2,1
BRDA:3,2,0,1
BRDA:3,2,1,0
BRDA:3,3,0,0
BRDA:3,3,1,0
BRDA:4,4,0,1
BRDA:4,4,1,0
BRDA:4,5,0,1
BRDA:4,5,1,1
BRDA:5,6,0,0
BRDA:5,6,1,0
BRDA:5,7,0,0
BRDA:5,7,1,0
BRDA:5,8,0,0
BRDA:5,8,1,0
BRDA:5,9,0,0
BRDA:5,9,1,0
BRDA:6,10,0,1
BRDA:6,10,1,0
BRDA:6,10,2,0
BRDA:8,11,0,1
BRDA:8,11,1,1
BRDA:8,11,2,1
BRDA:9,12,0,1
BRDA:9,12,1,0
BRDA:9,13,0,1
BRDA:9,13,1,1
BRDA:11,14,0,1
BRDA:11,14,1,1
BRDA:11,14,2,1
BRF:32
BRH:17
end_of_record
TN:
SF:C:\Users\asif\Desktop\Trappist\trappist\Trappist\src\Promact.Trappist.Web\wwwroot\app\tests\test-sections\test-sections.component.js
FN:2,(anonymous_1)
FN:8,(anonymous_2)
FN:19,(anonymous_3)
FN:20,TestSectionsComponent
FN:37,(anonymous_5)
FN:46,(anonymous_6)
FN:48,(anonymous_7)
FN:50,(anonymous_8)
FN:51,(anonymous_9)
FN:51,(anonymous_10)
FN:55,(anonymous_11)
FN:65,(anonymous_12)
FN:71,(anonymous_13)
FN:76,(anonymous_14)
FN:79,(anonymous_15)
FN:94,(anonymous_16)
FN:96,(anonymous_17)
FN:104,(anonymous_18)
FN:115,(anonymous_19)
FN:128,(anonymous_20)
FN:136,(anonymous_21)
FN:138,(anonymous_22)
FNF:22
FNH:18
FNDA:1,(anonymous_1)
FNDA:1,(anonymous_2)
FNDA:1,(anonymous_3)
FNDA:6,TestSectionsComponent
FNDA:0,(anonymous_5)
FNDA:5,(anonymous_6)
FNDA:4,(anonymous_7)
FNDA:8,(anonymous_8)
FNDA:4,(anonymous_9)
FNDA:8,(anonymous_10)
FNDA:1,(anonymous_11)
FNDA:1,(anonymous_12)
FNDA:1,(anonymous_13)
FNDA:0,(anonymous_14)
FNDA:0,(anonymous_15)
FNDA:3,(anonymous_16)
FNDA:6,(anonymous_17)
FNDA:0,(anonymous_18)
FNDA:1,(anonymous_19)
FNDA:2,(anonymous_20)
FNDA:1,(anonymous_21)
FNDA:1,(anonymous_22)
DA:2,1
DA:3,1
DA:4,1
DA:5,0
DA:6,1
DA:8,1
DA:9,1
DA:11,1
DA:12,1
DA:13,1
DA:14,1
DA:15,1
DA:16,1
DA:17,1
DA:18,1
DA:19,1
DA:20,1
DA:21,6
DA:22,6
DA:23,6
DA:24,6
DA:25,6
DA:26,6
DA:27,6
DA:28,6
DA:29,6
DA:30,6
DA:31,6
DA:32,6
DA:37,1
DA:38,0
DA:39,0
DA:40,0
DA:46,1
DA:47,5
DA:48,5
DA:49,4
DA:50,8
DA:51,8
DA:52,4
DA:53,4
DA:54,4
DA:56,1
DA:57,1
DA:58,1
DA:65,1
DA:66,1
DA:67,1
DA:68,1
DA:69,0
DA:71,1
DA:72,1
DA:73,1
DA:74,1
DA:75,1
DA:76,1
DA:77,0
DA:78,0
DA:80,0
DA:84,0
DA:94,1
DA:95,3
DA:96,3
DA:97,6
DA:98,6
DA:99,6
DA:100,6
DA:102,3
DA:103,3
DA:104,1
DA:105,0
DA:106,0
DA:107,0
DA:108,0
DA:111,0
DA:112,0
DA:116,1
DA:117,1
DA:120,2
DA:121,1
DA:123,1
DA:128,1
DA:129,2
DA:136,1
DA:137,1
DA:138,1
DA:139,1
DA:142,1
DA:144,1
DA:152,1
LF:90
LH:75
BRDA:2,1,0,1
BRDA:2,1,1,1
BRDA:2,1,2,1
BRDA:3,2,0,1
BRDA:3,2,1,0
BRDA:3,3,0,0
BRDA:3,3,1,0
BRDA:4,4,0,1
BRDA:4,4,1,0
BRDA:4,5,0,1
BRDA:4,5,1,1
BRDA:5,6,0,0
BRDA:5,6,1,0
BRDA:5,7,0,0
BRDA:5,7,1,0
BRDA:5,8,0,0
BRDA:5,8,1,0
BRDA:5,9,0,0
BRDA:5,9,1,0
BRDA:6,10,0,1
BRDA:6,10,1,0
BRDA:6,10,2,0
BRDA:8,11,0,1
BRDA:8,11,1,1
BRDA:8,11,2,1
BRDA:9,12,0,1
BRDA:9,12,1,0
BRDA:9,13,0,1
BRDA:9,13,1,1
BRDA:51,14,0,4
BRDA:51,14,1,4
BRDA:51,14,2,4
BRDA:52,15,0,0
BRDA:52,15,1,4
BRDA:67,16,0,1
BRDA:67,16,1,0
BRDA:68,17,0,0
BRDA:68,17,1,1
BRDA:72,18,0,1
BRDA:72,18,1,0
BRDA:77,19,0,0
BRDA:77,19,1,0
BRDA:103,20,0,1
BRDA:103,20,1,2
BRDA:105,21,0,0
BRDA:105,21,1,0
BRDA:106,22,0,0
BRDA:106,22,1,0
BRDA:120,23,0,1
BRDA:120,23,1,1
BRF:50
BRH:25
end_of_record
